{"/home/runner/work/motion-clone/motion-clone/backend/src/config/env.ts": {"path":"/home/runner/work/motion-clone/motion-clone/backend/src/config/env.ts","statementMap":{"0":{"start":{"line":4,"column":2},"end":{"line":4,"column":62}},"1":{"start":{"line":8,"column":16},"end":{"line":8,"column":33}},"2":{"start":{"line":9,"column":2},"end":{"line":11,"column":3}},"3":{"start":{"line":10,"column":4},"end":{"line":10,"column":70}},"4":{"start":{"line":12,"column":2},"end":{"line":12,"column":40}},"5":{"start":{"line":16,"column":14},"end":{"line":16,"column":30}},"6":{"start":{"line":18,"column":2},"end":{"line":24,"column":3}},"7":{"start":{"line":19,"column":4},"end":{"line":19,"column":23}},"8":{"start":{"line":21,"column":4},"end":{"line":23,"column":6}},"9":{"start":{"line":26,"column":2},"end":{"line":30,"column":3}},"10":{"start":{"line":27,"column":4},"end":{"line":29,"column":6}},"11":{"start":{"line":32,"column":2},"end":{"line":32,"column":24}},"12":{"start":{"line":41,"column":50},"end":{"line":41,"column":54}},"13":{"start":{"line":48,"column":2},"end":{"line":48,"column":56}},"14":{"start":{"line":48,"column":28},"end":{"line":48,"column":56}},"15":{"start":{"line":50,"column":2},"end":{"line":54,"column":4}},"16":{"start":{"line":56,"column":2},"end":{"line":56,"column":30}},"17":{"start":{"line":59,"column":39},"end":{"line":59,"column":43}},"18":{"start":{"line":66,"column":2},"end":{"line":66,"column":50}},"19":{"start":{"line":66,"column":25},"end":{"line":66,"column":50}},"20":{"start":{"line":67,"column":2},"end":{"line":67,"column":56}},"21":{"start":{"line":68,"column":2},"end":{"line":68,"column":27}}},"fnMap":{"0":{"name":"isNonEmptyString","decl":{"start":{"line":3,"column":9},"end":{"line":3,"column":25}},"loc":{"start":{"line":3,"column":40},"end":{"line":5,"column":1}}},"1":{"name":"requireEnv","decl":{"start":{"line":7,"column":9},"end":{"line":7,"column":19}},"loc":{"start":{"line":7,"column":32},"end":{"line":13,"column":1}}},"2":{"name":"requireHttpUrlEnv","decl":{"start":{"line":15,"column":9},"end":{"line":15,"column":26}},"loc":{"start":{"line":15,"column":39},"end":{"line":33,"column":1}}},"3":{"name":"getGoogleOAuthEnv","decl":{"start":{"line":47,"column":16},"end":{"line":47,"column":33}},"loc":{"start":{"line":47,"column":33},"end":{"line":57,"column":1}}},"4":{"name":"getFrontendUrl","decl":{"start":{"line":65,"column":16},"end":{"line":65,"column":30}},"loc":{"start":{"line":65,"column":30},"end":{"line":69,"column":1}}}},"branchMap":{"0":{"loc":{"start":{"line":4,"column":9},"end":{"line":4,"column":61}},"type":"binary-expr","locations":[{"start":{"line":4,"column":9},"end":{"line":4,"column":34}},{"start":{"line":4,"column":38},"end":{"line":4,"column":61}}]},"1":{"loc":{"start":{"line":9,"column":2},"end":{"line":11,"column":3}},"type":"if","locations":[{"start":{"line":9,"column":2},"end":{"line":11,"column":3}}]},"2":{"loc":{"start":{"line":26,"column":2},"end":{"line":30,"column":3}},"type":"if","locations":[{"start":{"line":26,"column":2},"end":{"line":30,"column":3}}]},"3":{"loc":{"start":{"line":26,"column":6},"end":{"line":26,"column":59}},"type":"binary-expr","locations":[{"start":{"line":26,"column":6},"end":{"line":26,"column":30}},{"start":{"line":26,"column":34},"end":{"line":26,"column":59}}]},"4":{"loc":{"start":{"line":48,"column":2},"end":{"line":48,"column":56}},"type":"if","locations":[{"start":{"line":48,"column":2},"end":{"line":48,"column":56}}]},"5":{"loc":{"start":{"line":66,"column":2},"end":{"line":66,"column":50}},"type":"if","locations":[{"start":{"line":66,"column":2},"end":{"line":66,"column":50}}]}},"s":{"0":0,"1":0,"2":0,"3":0,"4":0,"5":0,"6":0,"7":0,"8":0,"9":0,"10":0,"11":0,"12":0,"13":0,"14":0,"15":0,"16":0,"17":0,"18":0,"19":0,"20":0,"21":0},"f":{"0":0,"1":0,"2":0,"3":0,"4":0},"b":{"0":[0,0],"1":[0],"2":[0],"3":[0,0],"4":[0],"5":[0]}}
,"/home/runner/work/motion-clone/motion-clone/backend/src/config/loadEnv.ts": {"path":"/home/runner/work/motion-clone/motion-clone/backend/src/config/loadEnv.ts","statementMap":{"0":{"start":{"line":4,"column":13},"end":{"line":4,"column":18}},"1":{"start":{"line":14,"column":2},"end":{"line":14,"column":21}},"2":{"start":{"line":14,"column":14},"end":{"line":14,"column":21}},"3":{"start":{"line":15,"column":2},"end":{"line":15,"column":16}},"4":{"start":{"line":17,"column":25},"end":{"line":17,"column":63}},"5":{"start":{"line":18,"column":17},"end":{"line":18,"column":56}},"6":{"start":{"line":19,"column":2},"end":{"line":21,"column":3}},"7":{"start":{"line":20,"column":4},"end":{"line":20,"column":62}}},"fnMap":{"0":{"name":"loadEnv","decl":{"start":{"line":13,"column":16},"end":{"line":13,"column":23}},"loc":{"start":{"line":13,"column":23},"end":{"line":22,"column":1}}}},"branchMap":{"0":{"loc":{"start":{"line":14,"column":2},"end":{"line":14,"column":21}},"type":"if","locations":[{"start":{"line":14,"column":2},"end":{"line":14,"column":21}}]},"1":{"loc":{"start":{"line":19,"column":2},"end":{"line":21,"column":3}},"type":"if","locations":[{"start":{"line":19,"column":2},"end":{"line":21,"column":3}}]}},"s":{"0":0,"1":0,"2":0,"3":0,"4":0,"5":0,"6":0,"7":0},"f":{"0":0},"b":{"0":[0],"1":[0]}}
,"/home/runner/work/motion-clone/motion-clone/backend/src/config/supabase.ts": {"path":"/home/runner/work/motion-clone/motion-clone/backend/src/config/supabase.ts","statementMap":{"0":{"start":{"line":5,"column":0},"end":{"line":5,"column":10}},"1":{"start":{"line":8,"column":2},"end":{"line":8,"column":66}},"2":{"start":{"line":10,"column":2},"end":{"line":10,"column":76}},"3":{"start":{"line":11,"column":27},"end":{"line":11,"column":64}},"4":{"start":{"line":13,"column":0},"end":{"line":23,"column":1}},"5":{"start":{"line":14,"column":2},"end":{"line":14,"column":59}},"6":{"start":{"line":15,"column":2},"end":{"line":15,"column":64}},"7":{"start":{"line":16,"column":2},"end":{"line":19,"column":4}},"8":{"start":{"line":18,"column":43},"end":{"line":18,"column":67}},"9":{"start":{"line":20,"column":2},"end":{"line":22,"column":4}},"10":{"start":{"line":26,"column":24},"end":{"line":26,"column":62}},"11":{"start":{"line":29,"column":35},"end":{"line":31,"column":12}},"12":{"start":{"line":35,"column":2},"end":{"line":37,"column":3}},"13":{"start":{"line":36,"column":4},"end":{"line":36,"column":46}},"14":{"start":{"line":38,"column":2},"end":{"line":44,"column":5}},"15":{"start":{"line":52,"column":17},"end":{"line":52,"column":48}},"16":{"start":{"line":53,"column":2},"end":{"line":58,"column":3}},"17":{"start":{"line":54,"column":4},"end":{"line":57,"column":6}},"18":{"start":{"line":59,"column":2},"end":{"line":59,"column":16}},"19":{"start":{"line":80,"column":2},"end":{"line":82,"column":3}},"20":{"start":{"line":81,"column":4},"end":{"line":81,"column":41}},"21":{"start":{"line":84,"column":2},"end":{"line":119,"column":3}},"22":{"start":{"line":85,"column":19},"end":{"line":85,"column":41}},"23":{"start":{"line":88,"column":20},"end":{"line":90,"column":13}},"24":{"start":{"line":93,"column":19},"end":{"line":93,"column":30}},"25":{"start":{"line":94,"column":4},"end":{"line":96,"column":5}},"26":{"start":{"line":95,"column":6},"end":{"line":95,"column":68}},"27":{"start":{"line":99,"column":16},"end":{"line":99,"column":27}},"28":{"start":{"line":100,"column":4},"end":{"line":102,"column":5}},"29":{"start":{"line":101,"column":6},"end":{"line":101,"column":71}},"30":{"start":{"line":104,"column":4},"end":{"line":108,"column":6}},"31":{"start":{"line":110,"column":4},"end":{"line":118,"column":5}},"32":{"start":{"line":111,"column":6},"end":{"line":111,"column":43}},"33":{"start":{"line":112,"column":11},"end":{"line":118,"column":5}},"34":{"start":{"line":113,"column":6},"end":{"line":113,"column":57}},"35":{"start":{"line":114,"column":11},"end":{"line":118,"column":5}},"36":{"start":{"line":115,"column":6},"end":{"line":115,"column":18}},"37":{"start":{"line":117,"column":6},"end":{"line":117,"column":48}}},"fnMap":{"0":{"name":"(anonymous_0)","decl":{"start":{"line":18,"column":36},"end":{"line":18,"column":39}},"loc":{"start":{"line":18,"column":43},"end":{"line":18,"column":67}}},"1":{"name":"getAuthenticatedSupabase","decl":{"start":{"line":34,"column":16},"end":{"line":34,"column":40}},"loc":{"start":{"line":34,"column":58},"end":{"line":45,"column":1}}},"2":{"name":"getSupabaseJwtSecret","decl":{"start":{"line":51,"column":16},"end":{"line":51,"column":36}},"loc":{"start":{"line":51,"column":36},"end":{"line":60,"column":1}}},"3":{"name":"verifyAuthToken","decl":{"start":{"line":79,"column":16},"end":{"line":79,"column":31}},"loc":{"start":{"line":79,"column":45},"end":{"line":120,"column":1}}}},"branchMap":{"0":{"loc":{"start":{"line":8,"column":2},"end":{"line":8,"column":66}},"type":"binary-expr","locations":[{"start":{"line":8,"column":2},"end":{"line":8,"column":26}},{"start":{"line":8,"column":30},"end":{"line":8,"column":66}}]},"1":{"loc":{"start":{"line":10,"column":2},"end":{"line":10,"column":76}},"type":"binary-expr","locations":[{"start":{"line":10,"column":2},"end":{"line":10,"column":31}},{"start":{"line":10,"column":35},"end":{"line":10,"column":76}}]},"2":{"loc":{"start":{"line":13,"column":0},"end":{"line":23,"column":1}},"type":"if","locations":[{"start":{"line":13,"column":0},"end":{"line":23,"column":1}}]},"3":{"loc":{"start":{"line":13,"column":4},"end":{"line":13,"column":32}},"type":"binary-expr","locations":[{"start":{"line":13,"column":4},"end":{"line":13,"column":16}},{"start":{"line":13,"column":20},"end":{"line":13,"column":32}}]},"4":{"loc":{"start":{"line":29,"column":35},"end":{"line":31,"column":12}},"type":"cond-expr","locations":[{"start":{"line":30,"column":4},"end":{"line":30,"column":49}},{"start":{"line":31,"column":4},"end":{"line":31,"column":12}}]},"5":{"loc":{"start":{"line":35,"column":2},"end":{"line":37,"column":3}},"type":"if","locations":[{"start":{"line":35,"column":2},"end":{"line":37,"column":3}}]},"6":{"loc":{"start":{"line":53,"column":2},"end":{"line":58,"column":3}},"type":"if","locations":[{"start":{"line":53,"column":2},"end":{"line":58,"column":3}}]},"7":{"loc":{"start":{"line":80,"column":2},"end":{"line":82,"column":3}},"type":"if","locations":[{"start":{"line":80,"column":2},"end":{"line":82,"column":3}}]},"8":{"loc":{"start":{"line":94,"column":4},"end":{"line":96,"column":5}},"type":"if","locations":[{"start":{"line":94,"column":4},"end":{"line":96,"column":5}}]},"9":{"loc":{"start":{"line":100,"column":4},"end":{"line":102,"column":5}},"type":"if","locations":[{"start":{"line":100,"column":4},"end":{"line":102,"column":5}}]},"10":{"loc":{"start":{"line":110,"column":4},"end":{"line":118,"column":5}},"type":"if","locations":[{"start":{"line":110,"column":4},"end":{"line":118,"column":5}},{"start":{"line":112,"column":11},"end":{"line":118,"column":5}}]},"11":{"loc":{"start":{"line":112,"column":11},"end":{"line":118,"column":5}},"type":"if","locations":[{"start":{"line":112,"column":11},"end":{"line":118,"column":5}},{"start":{"line":114,"column":11},"end":{"line":118,"column":5}}]},"12":{"loc":{"start":{"line":114,"column":11},"end":{"line":118,"column":5}},"type":"if","locations":[{"start":{"line":114,"column":11},"end":{"line":118,"column":5}},{"start":{"line":116,"column":11},"end":{"line":118,"column":5}}]}},"s":{"0":0,"1":0,"2":0,"3":0,"4":0,"5":0,"6":0,"7":0,"8":0,"9":0,"10":0,"11":0,"12":0,"13":0,"14":0,"15":0,"16":0,"17":0,"18":0,"19":0,"20":0,"21":0,"22":0,"23":0,"24":0,"25":0,"26":0,"27":0,"28":0,"29":0,"30":0,"31":0,"32":0,"33":0,"34":0,"35":0,"36":0,"37":0},"f":{"0":0,"1":0,"2":0,"3":0},"b":{"0":[0,0],"1":[0,0],"2":[0],"3":[0,0],"4":[0,0],"5":[0],"6":[0],"7":[0],"8":[0],"9":[0],"10":[0,0],"11":[0,0],"12":[0,0]}}
,"/home/runner/work/motion-clone/motion-clone/backend/src/config/validateEnv.ts": {"path":"/home/runner/work/motion-clone/motion-clone/backend/src/config/validateEnv.ts","statementMap":{"0":{"start":{"line":3,"column":0},"end":{"line":3,"column":10}},"1":{"start":{"line":14,"column":39},"end":{"line":55,"column":2}},"2":{"start":{"line":58,"column":32},"end":{"line":58,"column":40}},"3":{"start":{"line":64,"column":16},"end":{"line":64,"column":40}},"4":{"start":{"line":65,"column":2},"end":{"line":67,"column":3}},"5":{"start":{"line":66,"column":4},"end":{"line":66,"column":24}},"6":{"start":{"line":69,"column":2},"end":{"line":76,"column":3}},"7":{"start":{"line":70,"column":4},"end":{"line":75,"column":5}},"8":{"start":{"line":71,"column":28},"end":{"line":71,"column":49}},"9":{"start":{"line":72,"column":6},"end":{"line":74,"column":7}},"10":{"start":{"line":73,"column":8},"end":{"line":73,"column":36}},"11":{"start":{"line":78,"column":2},"end":{"line":78,"column":19}},"12":{"start":{"line":85,"column":2},"end":{"line":93,"column":3}},"13":{"start":{"line":86,"column":16},"end":{"line":86,"column":30}},"14":{"start":{"line":87,"column":4},"end":{"line":89,"column":5}},"15":{"start":{"line":88,"column":6},"end":{"line":88,"column":88}},"16":{"start":{"line":90,"column":4},"end":{"line":90,"column":16}},"17":{"start":{"line":92,"column":4},"end":{"line":92,"column":74}},"18":{"start":{"line":105,"column":27},"end":{"line":105,"column":29}},"19":{"start":{"line":106,"column":29},"end":{"line":106,"column":31}},"20":{"start":{"line":109,"column":2},"end":{"line":113,"column":3}},"21":{"start":{"line":110,"column":4},"end":{"line":112,"column":5}},"22":{"start":{"line":111,"column":6},"end":{"line":111,"column":63}},"23":{"start":{"line":116,"column":20},"end":{"line":116,"column":null}},"24":{"start":{"line":121,"column":2},"end":{"line":151,"column":3}},"25":{"start":{"line":122,"column":18},"end":{"line":122,"column":37}},"26":{"start":{"line":123,"column":20},"end":{"line":125,"column":19}},"27":{"start":{"line":128,"column":4},"end":{"line":136,"column":5}},"28":{"start":{"line":129,"column":6},"end":{"line":131,"column":7}},"29":{"start":{"line":130,"column":8},"end":{"line":130,"column":72}},"30":{"start":{"line":132,"column":20},"end":{"line":132,"column":48}},"31":{"start":{"line":133,"column":6},"end":{"line":133,"column":33}},"32":{"start":{"line":134,"column":6},"end":{"line":134,"column":43}},"33":{"start":{"line":135,"column":6},"end":{"line":135,"column":15}},"34":{"start":{"line":139,"column":4},"end":{"line":142,"column":5}},"35":{"start":{"line":140,"column":6},"end":{"line":140,"column":71}},"36":{"start":{"line":141,"column":6},"end":{"line":141,"column":15}},"37":{"start":{"line":145,"column":4},"end":{"line":150,"column":5}},"38":{"start":{"line":146,"column":23},"end":{"line":146,"column":56}},"39":{"start":{"line":147,"column":6},"end":{"line":149,"column":7}},"40":{"start":{"line":148,"column":8},"end":{"line":148,"column":30}},"41":{"start":{"line":154,"column":2},"end":{"line":178,"column":3}},"42":{"start":{"line":155,"column":19},"end":{"line":155,"column":52}},"43":{"start":{"line":156,"column":20},"end":{"line":156,"column":53}},"44":{"start":{"line":156,"column":37},"end":{"line":156,"column":52}},"45":{"start":{"line":157,"column":19},"end":{"line":157,"column":53}},"46":{"start":{"line":157,"column":37},"end":{"line":157,"column":52}},"47":{"start":{"line":159,"column":4},"end":{"line":166,"column":5}},"48":{"start":{"line":160,"column":22},"end":{"line":162,"column":25}},"49":{"start":{"line":161,"column":21},"end":{"line":161,"column":46}},"50":{"start":{"line":162,"column":18},"end":{"line":162,"column":24}},"51":{"start":{"line":163,"column":6},"end":{"line":165,"column":8}},"52":{"start":{"line":169,"column":4},"end":{"line":177,"column":5}},"53":{"start":{"line":170,"column":20},"end":{"line":170,"column":49}},"54":{"start":{"line":171,"column":6},"end":{"line":176,"column":7}},"55":{"start":{"line":172,"column":25},"end":{"line":172,"column":62}},"56":{"start":{"line":173,"column":8},"end":{"line":175,"column":9}},"57":{"start":{"line":174,"column":10},"end":{"line":174,"column":32}},"58":{"start":{"line":181,"column":2},"end":{"line":184,"column":3}},"59":{"start":{"line":182,"column":4},"end":{"line":182,"column":51}},"60":{"start":{"line":183,"column":4},"end":{"line":183,"column":64}},"61":{"start":{"line":183,"column":32},"end":{"line":183,"column":62}},"62":{"start":{"line":186,"column":2},"end":{"line":190,"column":4}},"63":{"start":{"line":198,"column":17},"end":{"line":198,"column":30}},"64":{"start":{"line":201,"column":2},"end":{"line":204,"column":3}},"65":{"start":{"line":202,"column":4},"end":{"line":202,"column":51}},"66":{"start":{"line":203,"column":4},"end":{"line":203,"column":71}},"67":{"start":{"line":203,"column":39},"end":{"line":203,"column":69}},"68":{"start":{"line":207,"column":2},"end":{"line":224,"column":3}},"69":{"start":{"line":208,"column":25},"end":{"line":212,"column":16}},"70":{"start":{"line":210,"column":36},"end":{"line":210,"column":50}},"71":{"start":{"line":214,"column":4},"end":{"line":214,"column":32}},"72":{"start":{"line":218,"column":4},"end":{"line":220,"column":5}},"73":{"start":{"line":219,"column":6},"end":{"line":219,"column":36}},"74":{"start":{"line":223,"column":4},"end":{"line":223,"column":20}}},"fnMap":{"0":{"name":"getEnvValue","decl":{"start":{"line":63,"column":9},"end":{"line":63,"column":20}},"loc":{"start":{"line":63,"column":41},"end":{"line":79,"column":1}}},"1":{"name":"validateUrlFormat","decl":{"start":{"line":84,"column":9},"end":{"line":84,"column":26}},"loc":{"start":{"line":84,"column":54},"end":{"line":94,"column":1}}},"2":{"name":"validateEnv","decl":{"start":{"line":100,"column":16},"end":{"line":100,"column":27}},"loc":{"start":{"line":100,"column":27},"end":{"line":191,"column":1}}},"3":{"name":"(anonymous_3)","decl":{"start":{"line":156,"column":32},"end":{"line":156,"column":33}},"loc":{"start":{"line":156,"column":37},"end":{"line":156,"column":52}}},"4":{"name":"(anonymous_4)","decl":{"start":{"line":157,"column":32},"end":{"line":157,"column":33}},"loc":{"start":{"line":157,"column":37},"end":{"line":157,"column":52}}},"5":{"name":"(anonymous_5)","decl":{"start":{"line":161,"column":16},"end":{"line":161,"column":17}},"loc":{"start":{"line":161,"column":21},"end":{"line":161,"column":46}}},"6":{"name":"(anonymous_6)","decl":{"start":{"line":162,"column":13},"end":{"line":162,"column":14}},"loc":{"start":{"line":162,"column":18},"end":{"line":162,"column":24}}},"7":{"name":"(anonymous_7)","decl":{"start":{"line":183,"column":21},"end":{"line":183,"column":28}},"loc":{"start":{"line":183,"column":32},"end":{"line":183,"column":62}}},"8":{"name":"validateEnvOrThrow","decl":{"start":{"line":197,"column":16},"end":{"line":197,"column":34}},"loc":{"start":{"line":197,"column":34},"end":{"line":225,"column":1}}},"9":{"name":"(anonymous_9)","decl":{"start":{"line":203,"column":28},"end":{"line":203,"column":35}},"loc":{"start":{"line":203,"column":39},"end":{"line":203,"column":69}}},"10":{"name":"(anonymous_10)","decl":{"start":{"line":210,"column":27},"end":{"line":210,"column":32}},"loc":{"start":{"line":210,"column":36},"end":{"line":210,"column":50}}}},"branchMap":{"0":{"loc":{"start":{"line":65,"column":2},"end":{"line":67,"column":3}},"type":"if","locations":[{"start":{"line":65,"column":2},"end":{"line":67,"column":3}}]},"1":{"loc":{"start":{"line":65,"column":6},"end":{"line":65,"column":38}},"type":"binary-expr","locations":[{"start":{"line":65,"column":6},"end":{"line":65,"column":11}},{"start":{"line":65,"column":15},"end":{"line":65,"column":38}}]},"2":{"loc":{"start":{"line":69,"column":2},"end":{"line":76,"column":3}},"type":"if","locations":[{"start":{"line":69,"column":2},"end":{"line":76,"column":3}}]},"3":{"loc":{"start":{"line":72,"column":6},"end":{"line":74,"column":7}},"type":"if","locations":[{"start":{"line":72,"column":6},"end":{"line":74,"column":7}}]},"4":{"loc":{"start":{"line":72,"column":10},"end":{"line":72,"column":58}},"type":"binary-expr","locations":[{"start":{"line":72,"column":10},"end":{"line":72,"column":23}},{"start":{"line":72,"column":27},"end":{"line":72,"column":58}}]},"5":{"loc":{"start":{"line":87,"column":4},"end":{"line":89,"column":5}},"type":"if","locations":[{"start":{"line":87,"column":4},"end":{"line":89,"column":5}}]},"6":{"loc":{"start":{"line":87,"column":8},"end":{"line":87,"column":61}},"type":"binary-expr","locations":[{"start":{"line":87,"column":8},"end":{"line":87,"column":32}},{"start":{"line":87,"column":36},"end":{"line":87,"column":61}}]},"7":{"loc":{"start":{"line":110,"column":4},"end":{"line":112,"column":5}},"type":"if","locations":[{"start":{"line":110,"column":4},"end":{"line":112,"column":5}}]},"8":{"loc":{"start":{"line":123,"column":20},"end":{"line":125,"column":19}},"type":"cond-expr","locations":[{"start":{"line":124,"column":8},"end":{"line":124,"column":60}},{"start":{"line":125,"column":8},"end":{"line":125,"column":19}}]},"9":{"loc":{"start":{"line":128,"column":4},"end":{"line":136,"column":5}},"type":"if","locations":[{"start":{"line":128,"column":4},"end":{"line":136,"column":5}}]},"10":{"loc":{"start":{"line":129,"column":6},"end":{"line":131,"column":7}},"type":"if","locations":[{"start":{"line":129,"column":6},"end":{"line":131,"column":7}}]},"11":{"loc":{"start":{"line":139,"column":4},"end":{"line":142,"column":5}},"type":"if","locations":[{"start":{"line":139,"column":4},"end":{"line":142,"column":5}}]},"12":{"loc":{"start":{"line":139,"column":8},"end":{"line":139,"column":33}},"type":"binary-expr","locations":[{"start":{"line":139,"column":8},"end":{"line":139,"column":23}},{"start":{"line":139,"column":27},"end":{"line":139,"column":33}}]},"13":{"loc":{"start":{"line":145,"column":4},"end":{"line":150,"column":5}},"type":"if","locations":[{"start":{"line":145,"column":4},"end":{"line":150,"column":5}}]},"14":{"loc":{"start":{"line":145,"column":8},"end":{"line":145,"column":35}},"type":"binary-expr","locations":[{"start":{"line":145,"column":8},"end":{"line":145,"column":13}},{"start":{"line":145,"column":17},"end":{"line":145,"column":35}}]},"15":{"loc":{"start":{"line":147,"column":6},"end":{"line":149,"column":7}},"type":"if","locations":[{"start":{"line":147,"column":6},"end":{"line":149,"column":7}}]},"16":{"loc":{"start":{"line":159,"column":4},"end":{"line":166,"column":5}},"type":"if","locations":[{"start":{"line":159,"column":4},"end":{"line":166,"column":5}}]},"17":{"loc":{"start":{"line":159,"column":8},"end":{"line":159,"column":26}},"type":"binary-expr","locations":[{"start":{"line":159,"column":8},"end":{"line":159,"column":15}},{"start":{"line":159,"column":19},"end":{"line":159,"column":26}}]},"18":{"loc":{"start":{"line":171,"column":6},"end":{"line":176,"column":7}},"type":"if","locations":[{"start":{"line":171,"column":6},"end":{"line":176,"column":7}}]},"19":{"loc":{"start":{"line":171,"column":10},"end":{"line":171,"column":37}},"type":"binary-expr","locations":[{"start":{"line":171,"column":10},"end":{"line":171,"column":15}},{"start":{"line":171,"column":19},"end":{"line":171,"column":37}}]},"20":{"loc":{"start":{"line":173,"column":8},"end":{"line":175,"column":9}},"type":"if","locations":[{"start":{"line":173,"column":8},"end":{"line":175,"column":9}}]},"21":{"loc":{"start":{"line":181,"column":2},"end":{"line":184,"column":3}},"type":"if","locations":[{"start":{"line":181,"column":2},"end":{"line":184,"column":3}}]},"22":{"loc":{"start":{"line":201,"column":2},"end":{"line":204,"column":3}},"type":"if","locations":[{"start":{"line":201,"column":2},"end":{"line":204,"column":3}}]},"23":{"loc":{"start":{"line":207,"column":2},"end":{"line":224,"column":3}},"type":"if","locations":[{"start":{"line":207,"column":2},"end":{"line":224,"column":3}}]},"24":{"loc":{"start":{"line":218,"column":4},"end":{"line":220,"column":5}},"type":"if","locations":[{"start":{"line":218,"column":4},"end":{"line":220,"column":5}}]}},"s":{"0":0,"1":0,"2":0,"3":0,"4":0,"5":0,"6":0,"7":0,"8":0,"9":0,"10":0,"11":0,"12":0,"13":0,"14":0,"15":0,"16":0,"17":0,"18":0,"19":0,"20":0,"21":0,"22":0,"23":0,"24":0,"25":0,"26":0,"27":0,"28":0,"29":0,"30":0,"31":0,"32":0,"33":0,"34":0,"35":0,"36":0,"37":0,"38":0,"39":0,"40":0,"41":0,"42":0,"43":0,"44":0,"45":0,"46":0,"47":0,"48":0,"49":0,"50":0,"51":0,"52":0,"53":0,"54":0,"55":0,"56":0,"57":0,"58":0,"59":0,"60":0,"61":0,"62":0,"63":0,"64":0,"65":0,"66":0,"67":0,"68":0,"69":0,"70":0,"71":0,"72":0,"73":0,"74":0},"f":{"0":0,"1":0,"2":0,"3":0,"4":0,"5":0,"6":0,"7":0,"8":0,"9":0,"10":0},"b":{"0":[0],"1":[0,0],"2":[0],"3":[0],"4":[0,0],"5":[0],"6":[0,0],"7":[0],"8":[0,0],"9":[0],"10":[0],"11":[0],"12":[0,0],"13":[0],"14":[0,0],"15":[0],"16":[0],"17":[0,0],"18":[0],"19":[0,0],"20":[0],"21":[0],"22":[0],"23":[0],"24":[0]}}
,"/home/runner/work/motion-clone/motion-clone/backend/src/middleware/auth.ts": {"path":"/home/runner/work/motion-clone/motion-clone/backend/src/middleware/auth.ts","statementMap":{"0":{"start":{"line":20,"column":18},"end":{"line":20,"column":36}},"1":{"start":{"line":21,"column":21},"end":{"line":21,"column":46}},"2":{"start":{"line":23,"column":2},"end":{"line":29,"column":3}},"3":{"start":{"line":24,"column":4},"end":{"line":28,"column":6}},"4":{"start":{"line":31,"column":16},"end":{"line":31,"column":39}},"5":{"start":{"line":32,"column":2},"end":{"line":32,"column":28}},"6":{"start":{"line":34,"column":2},"end":{"line":70,"column":3}},"7":{"start":{"line":36,"column":23},"end":{"line":36,"column":45}},"8":{"start":{"line":40,"column":4},"end":{"line":54,"column":5}},"9":{"start":{"line":41,"column":23},"end":{"line":41,"column":54}},"10":{"start":{"line":45,"column":10},"end":{"line":45,"column":39}},"11":{"start":{"line":47,"column":6},"end":{"line":53,"column":7}},"12":{"start":{"line":48,"column":8},"end":{"line":52,"column":10}},"13":{"start":{"line":57,"column":4},"end":{"line":57,"column":28}},"14":{"start":{"line":61,"column":4},"end":{"line":61,"column":61}},"15":{"start":{"line":63,"column":4},"end":{"line":63,"column":11}},"16":{"start":{"line":65,"column":4},"end":{"line":69,"column":6}}},"fnMap":{"0":{"name":"authMiddleware","decl":{"start":{"line":15,"column":22},"end":{"line":15,"column":36}},"loc":{"start":{"line":18,"column":20},"end":{"line":71,"column":1}}}},"branchMap":{"0":{"loc":{"start":{"line":23,"column":2},"end":{"line":29,"column":3}},"type":"if","locations":[{"start":{"line":23,"column":2},"end":{"line":29,"column":3}}]},"1":{"loc":{"start":{"line":23,"column":6},"end":{"line":23,"column":54}},"type":"binary-expr","locations":[{"start":{"line":23,"column":6},"end":{"line":23,"column":17}},{"start":{"line":23,"column":21},"end":{"line":23,"column":54}}]},"2":{"loc":{"start":{"line":40,"column":4},"end":{"line":54,"column":5}},"type":"if","locations":[{"start":{"line":40,"column":4},"end":{"line":54,"column":5}}]},"3":{"loc":{"start":{"line":47,"column":6},"end":{"line":53,"column":7}},"type":"if","locations":[{"start":{"line":47,"column":6},"end":{"line":53,"column":7}}]},"4":{"loc":{"start":{"line":47,"column":10},"end":{"line":47,"column":46}},"type":"binary-expr","locations":[{"start":{"line":47,"column":10},"end":{"line":47,"column":15}},{"start":{"line":47,"column":19},"end":{"line":47,"column":24}},{"start":{"line":47,"column":28},"end":{"line":47,"column":46}}]},"5":{"loc":{"start":{"line":67,"column":6},"end":{"line":67,"column":71}},"type":"cond-expr","locations":[{"start":{"line":67,"column":31},"end":{"line":67,"column":44}},{"start":{"line":67,"column":47},"end":{"line":67,"column":71}}]}},"s":{"0":40,"1":40,"2":40,"3":5,"4":35,"5":35,"6":35,"7":35,"8":31,"9":3,"10":3,"11":3,"12":2,"13":29,"14":29,"15":29,"16":4},"f":{"0":40},"b":{"0":[5],"1":[40,36],"2":[3],"3":[2],"4":[3,2,2],"5":[3,1]}}
,"/home/runner/work/motion-clone/motion-clone/backend/src/routes/calendarEvents.ts": {"path":"/home/runner/work/motion-clone/motion-clone/backend/src/routes/calendarEvents.ts","statementMap":{"0":{"start":{"line":10,"column":15},"end":{"line":10,"column":31}},"1":{"start":{"line":11,"column":29},"end":{"line":11,"column":55}},"2":{"start":{"line":14,"column":0},"end":{"line":14,"column":27}},"3":{"start":{"line":17,"column":0},"end":{"line":70,"column":3}},"4":{"start":{"line":18,"column":2},"end":{"line":69,"column":3}},"5":{"start":{"line":19,"column":20},"end":{"line":19,"column":38}},"6":{"start":{"line":20,"column":4},"end":{"line":20,"column":73}},"7":{"start":{"line":21,"column":4},"end":{"line":21,"column":66}},"8":{"start":{"line":22,"column":46},"end":{"line":22,"column":55}},"9":{"start":{"line":25,"column":4},"end":{"line":48,"column":5}},"10":{"start":{"line":31,"column":6},"end":{"line":31,"column":73}},"11":{"start":{"line":32,"column":6},"end":{"line":36,"column":8}},"12":{"start":{"line":37,"column":11},"end":{"line":48,"column":5}},"13":{"start":{"line":38,"column":6},"end":{"line":38,"column":70}},"14":{"start":{"line":39,"column":6},"end":{"line":42,"column":8}},"15":{"start":{"line":44,"column":6},"end":{"line":44,"column":63}},"16":{"start":{"line":45,"column":6},"end":{"line":47,"column":8}},"17":{"start":{"line":50,"column":4},"end":{"line":52,"column":7}},"18":{"start":{"line":54,"column":4},"end":{"line":59,"column":6}},"19":{"start":{"line":61,"column":4},"end":{"line":64,"column":6}},"20":{"start":{"line":65,"column":4},"end":{"line":68,"column":6}},"21":{"start":{"line":73,"column":0},"end":{"line":99,"column":3}},"22":{"start":{"line":74,"column":2},"end":{"line":98,"column":3}},"23":{"start":{"line":75,"column":20},"end":{"line":75,"column":38}},"24":{"start":{"line":76,"column":19},"end":{"line":76,"column":29}},"25":{"start":{"line":77,"column":4},"end":{"line":82,"column":5}},"26":{"start":{"line":78,"column":6},"end":{"line":81,"column":8}},"27":{"start":{"line":83,"column":18},"end":{"line":85,"column":null}},"28":{"start":{"line":88,"column":4},"end":{"line":90,"column":5}},"29":{"start":{"line":89,"column":6},"end":{"line":89,"column":60}},"30":{"start":{"line":92,"column":4},"end":{"line":92,"column":79}},"31":{"start":{"line":94,"column":4},"end":{"line":97,"column":6}},"32":{"start":{"line":102,"column":0},"end":{"line":157,"column":3}},"33":{"start":{"line":103,"column":2},"end":{"line":156,"column":3}},"34":{"start":{"line":104,"column":20},"end":{"line":104,"column":38}},"35":{"start":{"line":105,"column":4},"end":{"line":105,"column":74}},"36":{"start":{"line":106,"column":4},"end":{"line":106,"column":65}},"37":{"start":{"line":109,"column":4},"end":{"line":143,"column":5}},"38":{"start":{"line":110,"column":49},"end":{"line":110,"column":57}},"39":{"start":{"line":113,"column":6},"end":{"line":115,"column":9}},"40":{"start":{"line":114,"column":8},"end":{"line":114,"column":39}},"41":{"start":{"line":117,"column":22},"end":{"line":119,"column":null}},"42":{"start":{"line":123,"column":6},"end":{"line":132,"column":8}},"43":{"start":{"line":128,"column":42},"end":{"line":128,"column":51}},"44":{"start":{"line":129,"column":38},"end":{"line":129,"column":48}},"45":{"start":{"line":135,"column":46},"end":{"line":135,"column":54}},"46":{"start":{"line":136,"column":20},"end":{"line":139,"column":null}},"47":{"start":{"line":141,"column":6},"end":{"line":141,"column":74}},"48":{"start":{"line":142,"column":6},"end":{"line":142,"column":80}},"49":{"start":{"line":145,"column":4},"end":{"line":148,"column":6}},"50":{"start":{"line":150,"column":6},"end":{"line":154,"column":25}},"51":{"start":{"line":155,"column":4},"end":{"line":155,"column":44}},"52":{"start":{"line":160,"column":0},"end":{"line":186,"column":3}},"53":{"start":{"line":161,"column":2},"end":{"line":185,"column":3}},"54":{"start":{"line":162,"column":20},"end":{"line":162,"column":38}},"55":{"start":{"line":163,"column":19},"end":{"line":163,"column":29}},"56":{"start":{"line":164,"column":4},"end":{"line":169,"column":5}},"57":{"start":{"line":165,"column":6},"end":{"line":168,"column":8}},"58":{"start":{"line":170,"column":44},"end":{"line":170,"column":52}},"59":{"start":{"line":171,"column":18},"end":{"line":174,"column":null}},"60":{"start":{"line":176,"column":4},"end":{"line":176,"column":78}},"61":{"start":{"line":179,"column":6},"end":{"line":183,"column":25}},"62":{"start":{"line":184,"column":4},"end":{"line":184,"column":44}},"63":{"start":{"line":189,"column":0},"end":{"line":227,"column":3}},"64":{"start":{"line":190,"column":2},"end":{"line":226,"column":3}},"65":{"start":{"line":191,"column":20},"end":{"line":191,"column":38}},"66":{"start":{"line":192,"column":20},"end":{"line":192,"column":28}},"67":{"start":{"line":194,"column":4},"end":{"line":199,"column":5}},"68":{"start":{"line":195,"column":6},"end":{"line":198,"column":8}},"69":{"start":{"line":202,"column":4},"end":{"line":204,"column":5}},"70":{"start":{"line":202,"column":25},"end":{"line":202,"column":47}},"71":{"start":{"line":203,"column":6},"end":{"line":203,"column":77}},"72":{"start":{"line":206,"column":20},"end":{"line":208,"column":null}},"73":{"start":{"line":211,"column":4},"end":{"line":220,"column":6}},"74":{"start":{"line":216,"column":40},"end":{"line":216,"column":49}},"75":{"start":{"line":217,"column":36},"end":{"line":217,"column":46}},"76":{"start":{"line":222,"column":4},"end":{"line":225,"column":6}},"77":{"start":{"line":230,"column":0},"end":{"line":248,"column":3}},"78":{"start":{"line":231,"column":2},"end":{"line":247,"column":3}},"79":{"start":{"line":232,"column":20},"end":{"line":232,"column":38}},"80":{"start":{"line":233,"column":19},"end":{"line":233,"column":29}},"81":{"start":{"line":234,"column":4},"end":{"line":239,"column":5}},"82":{"start":{"line":235,"column":6},"end":{"line":238,"column":8}},"83":{"start":{"line":240,"column":4},"end":{"line":240,"column":74}},"84":{"start":{"line":241,"column":4},"end":{"line":241,"column":71}},"85":{"start":{"line":243,"column":4},"end":{"line":246,"column":6}}},"fnMap":{"0":{"name":"(anonymous_0)","decl":{"start":{"line":17,"column":16},"end":{"line":17,"column":21}},"loc":{"start":{"line":17,"column":54},"end":{"line":70,"column":1}}},"1":{"name":"(anonymous_1)","decl":{"start":{"line":73,"column":19},"end":{"line":73,"column":24}},"loc":{"start":{"line":73,"column":57},"end":{"line":99,"column":1}}},"2":{"name":"(anonymous_2)","decl":{"start":{"line":102,"column":17},"end":{"line":102,"column":22}},"loc":{"start":{"line":102,"column":55},"end":{"line":157,"column":1}}},"3":{"name":"(anonymous_3)","decl":{"start":{"line":113,"column":21},"end":{"line":113,"column":26}},"loc":{"start":{"line":113,"column":29},"end":{"line":115,"column":7}}},"4":{"name":"(anonymous_4)","decl":{"start":{"line":128,"column":37},"end":{"line":128,"column":38}},"loc":{"start":{"line":128,"column":42},"end":{"line":128,"column":51}}},"5":{"name":"(anonymous_5)","decl":{"start":{"line":129,"column":33},"end":{"line":129,"column":34}},"loc":{"start":{"line":129,"column":38},"end":{"line":129,"column":48}}},"6":{"name":"(anonymous_6)","decl":{"start":{"line":160,"column":19},"end":{"line":160,"column":24}},"loc":{"start":{"line":160,"column":57},"end":{"line":186,"column":1}}},"7":{"name":"(anonymous_7)","decl":{"start":{"line":189,"column":24},"end":{"line":189,"column":29}},"loc":{"start":{"line":189,"column":62},"end":{"line":227,"column":1}}},"8":{"name":"(anonymous_8)","decl":{"start":{"line":202,"column":19},"end":{"line":202,"column":21}},"loc":{"start":{"line":202,"column":25},"end":{"line":202,"column":47}}},"9":{"name":"(anonymous_9)","decl":{"start":{"line":216,"column":35},"end":{"line":216,"column":36}},"loc":{"start":{"line":216,"column":40},"end":{"line":216,"column":49}}},"10":{"name":"(anonymous_10)","decl":{"start":{"line":217,"column":31},"end":{"line":217,"column":32}},"loc":{"start":{"line":217,"column":36},"end":{"line":217,"column":46}}},"11":{"name":"(anonymous_11)","decl":{"start":{"line":230,"column":22},"end":{"line":230,"column":27}},"loc":{"start":{"line":230,"column":60},"end":{"line":248,"column":1}}}},"branchMap":{"0":{"loc":{"start":{"line":25,"column":4},"end":{"line":48,"column":5}},"type":"if","locations":[{"start":{"line":25,"column":4},"end":{"line":48,"column":5}},{"start":{"line":37,"column":11},"end":{"line":48,"column":5}}]},"1":{"loc":{"start":{"line":26,"column":6},"end":{"line":29,"column":34}},"type":"binary-expr","locations":[{"start":{"line":26,"column":6},"end":{"line":26,"column":16}},{"start":{"line":27,"column":6},"end":{"line":27,"column":14}},{"start":{"line":28,"column":6},"end":{"line":28,"column":36}},{"start":{"line":29,"column":6},"end":{"line":29,"column":34}}]},"2":{"loc":{"start":{"line":37,"column":11},"end":{"line":48,"column":5}},"type":"if","locations":[{"start":{"line":37,"column":11},"end":{"line":48,"column":5}},{"start":{"line":43,"column":11},"end":{"line":48,"column":5}}]},"3":{"loc":{"start":{"line":37,"column":15},"end":{"line":37,"column":53}},"type":"binary-expr","locations":[{"start":{"line":37,"column":15},"end":{"line":37,"column":22}},{"start":{"line":37,"column":26},"end":{"line":37,"column":53}}]},"4":{"loc":{"start":{"line":67,"column":6},"end":{"line":67,"column":70}},"type":"cond-expr","locations":[{"start":{"line":67,"column":31},"end":{"line":67,"column":44}},{"start":{"line":67,"column":47},"end":{"line":67,"column":70}}]},"5":{"loc":{"start":{"line":77,"column":4},"end":{"line":82,"column":5}},"type":"if","locations":[{"start":{"line":77,"column":4},"end":{"line":82,"column":5}}]},"6":{"loc":{"start":{"line":77,"column":8},"end":{"line":77,"column":37}},"type":"binary-expr","locations":[{"start":{"line":77,"column":8},"end":{"line":77,"column":11}},{"start":{"line":77,"column":15},"end":{"line":77,"column":37}}]},"7":{"loc":{"start":{"line":88,"column":4},"end":{"line":90,"column":5}},"type":"if","locations":[{"start":{"line":88,"column":4},"end":{"line":90,"column":5}}]},"8":{"loc":{"start":{"line":96,"column":6},"end":{"line":96,"column":70}},"type":"cond-expr","locations":[{"start":{"line":96,"column":31},"end":{"line":96,"column":44}},{"start":{"line":96,"column":47},"end":{"line":96,"column":70}}]},"9":{"loc":{"start":{"line":109,"column":4},"end":{"line":143,"column":5}},"type":"if","locations":[{"start":{"line":109,"column":4},"end":{"line":143,"column":5}},{"start":{"line":133,"column":11},"end":{"line":143,"column":5}}]},"10":{"loc":{"start":{"line":150,"column":6},"end":{"line":154,"column":25}},"type":"cond-expr","locations":[{"start":{"line":151,"column":10},"end":{"line":151,"column":58}},{"start":{"line":152,"column":10},"end":{"line":154,"column":25}}]},"11":{"loc":{"start":{"line":150,"column":6},"end":{"line":150,"column":66}},"type":"binary-expr","locations":[{"start":{"line":150,"column":6},"end":{"line":150,"column":28}},{"start":{"line":150,"column":32},"end":{"line":150,"column":66}}]},"12":{"loc":{"start":{"line":152,"column":10},"end":{"line":154,"column":25}},"type":"cond-expr","locations":[{"start":{"line":153,"column":12},"end":{"line":153,"column":25}},{"start":{"line":154,"column":12},"end":{"line":154,"column":25}}]},"13":{"loc":{"start":{"line":164,"column":4},"end":{"line":169,"column":5}},"type":"if","locations":[{"start":{"line":164,"column":4},"end":{"line":169,"column":5}}]},"14":{"loc":{"start":{"line":164,"column":8},"end":{"line":164,"column":37}},"type":"binary-expr","locations":[{"start":{"line":164,"column":8},"end":{"line":164,"column":11}},{"start":{"line":164,"column":15},"end":{"line":164,"column":37}}]},"15":{"loc":{"start":{"line":179,"column":6},"end":{"line":183,"column":25}},"type":"cond-expr","locations":[{"start":{"line":180,"column":10},"end":{"line":180,"column":58}},{"start":{"line":181,"column":10},"end":{"line":183,"column":25}}]},"16":{"loc":{"start":{"line":179,"column":6},"end":{"line":179,"column":66}},"type":"binary-expr","locations":[{"start":{"line":179,"column":6},"end":{"line":179,"column":28}},{"start":{"line":179,"column":32},"end":{"line":179,"column":66}}]},"17":{"loc":{"start":{"line":181,"column":10},"end":{"line":183,"column":25}},"type":"cond-expr","locations":[{"start":{"line":182,"column":12},"end":{"line":182,"column":25}},{"start":{"line":183,"column":12},"end":{"line":183,"column":25}}]},"18":{"loc":{"start":{"line":194,"column":4},"end":{"line":199,"column":5}},"type":"if","locations":[{"start":{"line":194,"column":4},"end":{"line":199,"column":5}}]},"19":{"loc":{"start":{"line":194,"column":8},"end":{"line":194,"column":47}},"type":"binary-expr","locations":[{"start":{"line":194,"column":8},"end":{"line":194,"column":27}},{"start":{"line":194,"column":31},"end":{"line":194,"column":47}}]},"20":{"loc":{"start":{"line":202,"column":4},"end":{"line":204,"column":5}},"type":"if","locations":[{"start":{"line":202,"column":4},"end":{"line":204,"column":5}}]},"21":{"loc":{"start":{"line":224,"column":6},"end":{"line":224,"column":70}},"type":"cond-expr","locations":[{"start":{"line":224,"column":31},"end":{"line":224,"column":44}},{"start":{"line":224,"column":47},"end":{"line":224,"column":70}}]},"22":{"loc":{"start":{"line":234,"column":4},"end":{"line":239,"column":5}},"type":"if","locations":[{"start":{"line":234,"column":4},"end":{"line":239,"column":5}}]},"23":{"loc":{"start":{"line":234,"column":8},"end":{"line":234,"column":37}},"type":"binary-expr","locations":[{"start":{"line":234,"column":8},"end":{"line":234,"column":11}},{"start":{"line":234,"column":15},"end":{"line":234,"column":37}}]},"24":{"loc":{"start":{"line":245,"column":6},"end":{"line":245,"column":70}},"type":"cond-expr","locations":[{"start":{"line":245,"column":31},"end":{"line":245,"column":44}},{"start":{"line":245,"column":47},"end":{"line":245,"column":70}}]}},"s":{"0":0,"1":0,"2":0,"3":0,"4":0,"5":0,"6":0,"7":0,"8":0,"9":0,"10":0,"11":0,"12":0,"13":0,"14":0,"15":0,"16":0,"17":0,"18":0,"19":0,"20":0,"21":0,"22":0,"23":0,"24":0,"25":0,"26":0,"27":0,"28":0,"29":0,"30":0,"31":0,"32":0,"33":0,"34":0,"35":0,"36":0,"37":0,"38":0,"39":0,"40":0,"41":0,"42":0,"43":0,"44":0,"45":0,"46":0,"47":0,"48":0,"49":0,"50":0,"51":0,"52":0,"53":0,"54":0,"55":0,"56":0,"57":0,"58":0,"59":0,"60":0,"61":0,"62":0,"63":0,"64":0,"65":0,"66":0,"67":0,"68":0,"69":0,"70":0,"71":0,"72":0,"73":0,"74":0,"75":0,"76":0,"77":0,"78":0,"79":0,"80":0,"81":0,"82":0,"83":0,"84":0,"85":0},"f":{"0":0,"1":0,"2":0,"3":0,"4":0,"5":0,"6":0,"7":0,"8":0,"9":0,"10":0,"11":0},"b":{"0":[0,0],"1":[0,0,0,0],"2":[0,0],"3":[0,0],"4":[0,0],"5":[0],"6":[0,0],"7":[0],"8":[0,0],"9":[0,0],"10":[0,0],"11":[0,0],"12":[0,0],"13":[0],"14":[0,0],"15":[0,0],"16":[0,0],"17":[0,0],"18":[0],"19":[0,0],"20":[0],"21":[0,0],"22":[0],"23":[0,0],"24":[0,0]}}
,"/home/runner/work/motion-clone/motion-clone/backend/src/routes/googleCalendar.ts": {"path":"/home/runner/work/motion-clone/motion-clone/backend/src/routes/googleCalendar.ts","statementMap":{"0":{"start":{"line":6,"column":15},"end":{"line":6,"column":31}},"1":{"start":{"line":7,"column":30},"end":{"line":7,"column":57}},"2":{"start":{"line":10,"column":2},"end":{"line":19,"column":3}},"3":{"start":{"line":11,"column":4},"end":{"line":11,"column":28}},"4":{"start":{"line":13,"column":4},"end":{"line":13,"column":78}},"5":{"start":{"line":14,"column":4},"end":{"line":17,"column":6}},"6":{"start":{"line":18,"column":4},"end":{"line":18,"column":16}},"7":{"start":{"line":23,"column":0},"end":{"line":40,"column":3}},"8":{"start":{"line":24,"column":2},"end":{"line":39,"column":3}},"9":{"start":{"line":25,"column":19},"end":{"line":25,"column":47}},"10":{"start":{"line":27,"column":4},"end":{"line":29,"column":5}},"11":{"start":{"line":28,"column":6},"end":{"line":28,"column":67}},"12":{"start":{"line":31,"column":20},"end":{"line":31,"column":63}},"13":{"start":{"line":32,"column":4},"end":{"line":32,"column":26}},"14":{"start":{"line":34,"column":4},"end":{"line":34,"column":73}},"15":{"start":{"line":35,"column":4},"end":{"line":38,"column":6}},"16":{"start":{"line":43,"column":0},"end":{"line":98,"column":3}},"17":{"start":{"line":44,"column":2},"end":{"line":97,"column":3}},"18":{"start":{"line":45,"column":35},"end":{"line":45,"column":44}},"19":{"start":{"line":46,"column":24},"end":{"line":46,"column":53}},"20":{"start":{"line":47,"column":4},"end":{"line":47,"column":29}},"21":{"start":{"line":47,"column":22},"end":{"line":47,"column":29}},"22":{"start":{"line":49,"column":4},"end":{"line":54,"column":5}},"23":{"start":{"line":50,"column":6},"end":{"line":50,"column":65}},"24":{"start":{"line":51,"column":6},"end":{"line":53,"column":8}},"25":{"start":{"line":56,"column":4},"end":{"line":60,"column":5}},"26":{"start":{"line":57,"column":6},"end":{"line":59,"column":8}},"27":{"start":{"line":62,"column":19},"end":{"line":62,"column":34}},"28":{"start":{"line":63,"column":19},"end":{"line":65,"column":null}},"29":{"start":{"line":68,"column":4},"end":{"line":76,"column":5}},"30":{"start":{"line":69,"column":6},"end":{"line":71,"column":8}},"31":{"start":{"line":73,"column":6},"end":{"line":75,"column":8}},"32":{"start":{"line":78,"column":4},"end":{"line":78,"column":66}},"33":{"start":{"line":79,"column":24},"end":{"line":85,"column":8}},"34":{"start":{"line":80,"column":6},"end":{"line":84,"column":7}},"35":{"start":{"line":81,"column":8},"end":{"line":81,"column":32}},"36":{"start":{"line":83,"column":8},"end":{"line":83,"column":20}},"37":{"start":{"line":87,"column":4},"end":{"line":91,"column":5}},"38":{"start":{"line":88,"column":6},"end":{"line":90,"column":8}},"39":{"start":{"line":93,"column":4},"end":{"line":96,"column":6}},"40":{"start":{"line":101,"column":0},"end":{"line":122,"column":3}},"41":{"start":{"line":102,"column":2},"end":{"line":121,"column":3}},"42":{"start":{"line":103,"column":19},"end":{"line":103,"column":47}},"43":{"start":{"line":105,"column":4},"end":{"line":107,"column":5}},"44":{"start":{"line":106,"column":6},"end":{"line":106,"column":67}},"45":{"start":{"line":109,"column":19},"end":{"line":109,"column":74}},"46":{"start":{"line":110,"column":4},"end":{"line":114,"column":6}},"47":{"start":{"line":116,"column":4},"end":{"line":116,"column":64}},"48":{"start":{"line":117,"column":4},"end":{"line":120,"column":6}},"49":{"start":{"line":125,"column":0},"end":{"line":157,"column":3}},"50":{"start":{"line":126,"column":2},"end":{"line":156,"column":3}},"51":{"start":{"line":127,"column":19},"end":{"line":127,"column":46}},"52":{"start":{"line":129,"column":4},"end":{"line":131,"column":5}},"53":{"start":{"line":130,"column":6},"end":{"line":130,"column":67}},"54":{"start":{"line":133,"column":19},"end":{"line":133,"column":75}},"55":{"start":{"line":135,"column":4},"end":{"line":149,"column":5}},"56":{"start":{"line":136,"column":6},"end":{"line":143,"column":8}},"57":{"start":{"line":145,"column":6},"end":{"line":148,"column":8}},"58":{"start":{"line":151,"column":4},"end":{"line":151,"column":62}},"59":{"start":{"line":152,"column":4},"end":{"line":155,"column":6}},"60":{"start":{"line":160,"column":0},"end":{"line":181,"column":3}},"61":{"start":{"line":161,"column":2},"end":{"line":180,"column":3}},"62":{"start":{"line":162,"column":19},"end":{"line":162,"column":46}},"63":{"start":{"line":164,"column":4},"end":{"line":166,"column":5}},"64":{"start":{"line":165,"column":6},"end":{"line":165,"column":67}},"65":{"start":{"line":168,"column":4},"end":{"line":168,"column":65}},"66":{"start":{"line":169,"column":4},"end":{"line":173,"column":6}},"67":{"start":{"line":175,"column":4},"end":{"line":175,"column":68}},"68":{"start":{"line":176,"column":4},"end":{"line":179,"column":6}}},"fnMap":{"0":{"name":"getFrontendBaseUrlOrFail","decl":{"start":{"line":9,"column":9},"end":{"line":9,"column":33}},"loc":{"start":{"line":9,"column":47},"end":{"line":20,"column":1}}},"1":{"name":"(anonymous_1)","decl":{"start":{"line":23,"column":20},"end":{"line":23,"column":25}},"loc":{"start":{"line":23,"column":58},"end":{"line":40,"column":1}}},"2":{"name":"(anonymous_2)","decl":{"start":{"line":43,"column":24},"end":{"line":43,"column":29}},"loc":{"start":{"line":43,"column":62},"end":{"line":98,"column":1}}},"3":{"name":"(anonymous_3)","decl":{"start":{"line":79,"column":25},"end":{"line":79,"column":28}},"loc":{"start":{"line":79,"column":30},"end":{"line":85,"column":5}}},"4":{"name":"(anonymous_4)","decl":{"start":{"line":101,"column":22},"end":{"line":101,"column":27}},"loc":{"start":{"line":101,"column":60},"end":{"line":122,"column":1}}},"5":{"name":"(anonymous_5)","decl":{"start":{"line":125,"column":21},"end":{"line":125,"column":26}},"loc":{"start":{"line":125,"column":59},"end":{"line":157,"column":1}}},"6":{"name":"(anonymous_6)","decl":{"start":{"line":160,"column":29},"end":{"line":160,"column":34}},"loc":{"start":{"line":160,"column":67},"end":{"line":181,"column":1}}}},"branchMap":{"0":{"loc":{"start":{"line":16,"column":6},"end":{"line":16,"column":61}},"type":"cond-expr","locations":[{"start":{"line":16,"column":27},"end":{"line":16,"column":36}},{"start":{"line":16,"column":39},"end":{"line":16,"column":61}}]},"1":{"loc":{"start":{"line":27,"column":4},"end":{"line":29,"column":5}},"type":"if","locations":[{"start":{"line":27,"column":4},"end":{"line":29,"column":5}}]},"2":{"loc":{"start":{"line":37,"column":6},"end":{"line":37,"column":70}},"type":"cond-expr","locations":[{"start":{"line":37,"column":31},"end":{"line":37,"column":44}},{"start":{"line":37,"column":47},"end":{"line":37,"column":70}}]},"3":{"loc":{"start":{"line":47,"column":4},"end":{"line":47,"column":29}},"type":"if","locations":[{"start":{"line":47,"column":4},"end":{"line":47,"column":29}}]},"4":{"loc":{"start":{"line":49,"column":4},"end":{"line":54,"column":5}},"type":"if","locations":[{"start":{"line":49,"column":4},"end":{"line":54,"column":5}}]},"5":{"loc":{"start":{"line":56,"column":4},"end":{"line":60,"column":5}},"type":"if","locations":[{"start":{"line":56,"column":4},"end":{"line":60,"column":5}}]},"6":{"loc":{"start":{"line":56,"column":8},"end":{"line":56,"column":23}},"type":"binary-expr","locations":[{"start":{"line":56,"column":8},"end":{"line":56,"column":13}},{"start":{"line":56,"column":17},"end":{"line":56,"column":23}}]},"7":{"loc":{"start":{"line":68,"column":4},"end":{"line":76,"column":5}},"type":"if","locations":[{"start":{"line":68,"column":4},"end":{"line":76,"column":5}},{"start":{"line":72,"column":11},"end":{"line":76,"column":5}}]},"8":{"loc":{"start":{"line":74,"column":75},"end":{"line":74,"column":106}},"type":"binary-expr","locations":[{"start":{"line":74,"column":75},"end":{"line":74,"column":87}},{"start":{"line":74,"column":91},"end":{"line":74,"column":106}}]},"9":{"loc":{"start":{"line":87,"column":4},"end":{"line":91,"column":5}},"type":"if","locations":[{"start":{"line":87,"column":4},"end":{"line":91,"column":5}}]},"10":{"loc":{"start":{"line":89,"column":75},"end":{"line":89,"column":131}},"type":"cond-expr","locations":[{"start":{"line":89,"column":100},"end":{"line":89,"column":113}},{"start":{"line":89,"column":116},"end":{"line":89,"column":131}}]},"11":{"loc":{"start":{"line":95,"column":6},"end":{"line":95,"column":62}},"type":"cond-expr","locations":[{"start":{"line":95,"column":31},"end":{"line":95,"column":44}},{"start":{"line":95,"column":47},"end":{"line":95,"column":62}}]},"12":{"loc":{"start":{"line":105,"column":4},"end":{"line":107,"column":5}},"type":"if","locations":[{"start":{"line":105,"column":4},"end":{"line":107,"column":5}}]},"13":{"loc":{"start":{"line":119,"column":6},"end":{"line":119,"column":70}},"type":"cond-expr","locations":[{"start":{"line":119,"column":31},"end":{"line":119,"column":44}},{"start":{"line":119,"column":47},"end":{"line":119,"column":70}}]},"14":{"loc":{"start":{"line":129,"column":4},"end":{"line":131,"column":5}},"type":"if","locations":[{"start":{"line":129,"column":4},"end":{"line":131,"column":5}}]},"15":{"loc":{"start":{"line":135,"column":4},"end":{"line":149,"column":5}},"type":"if","locations":[{"start":{"line":135,"column":4},"end":{"line":149,"column":5}},{"start":{"line":144,"column":11},"end":{"line":149,"column":5}}]},"16":{"loc":{"start":{"line":147,"column":8},"end":{"line":147,"column":49}},"type":"binary-expr","locations":[{"start":{"line":147,"column":8},"end":{"line":147,"column":32}},{"start":{"line":147,"column":36},"end":{"line":147,"column":49}}]},"17":{"loc":{"start":{"line":154,"column":6},"end":{"line":154,"column":70}},"type":"cond-expr","locations":[{"start":{"line":154,"column":31},"end":{"line":154,"column":44}},{"start":{"line":154,"column":47},"end":{"line":154,"column":70}}]},"18":{"loc":{"start":{"line":164,"column":4},"end":{"line":166,"column":5}},"type":"if","locations":[{"start":{"line":164,"column":4},"end":{"line":166,"column":5}}]},"19":{"loc":{"start":{"line":178,"column":6},"end":{"line":178,"column":70}},"type":"cond-expr","locations":[{"start":{"line":178,"column":31},"end":{"line":178,"column":44}},{"start":{"line":178,"column":47},"end":{"line":178,"column":70}}]}},"s":{"0":0,"1":0,"2":0,"3":0,"4":0,"5":0,"6":0,"7":0,"8":0,"9":0,"10":0,"11":0,"12":0,"13":0,"14":0,"15":0,"16":0,"17":0,"18":0,"19":0,"20":0,"21":0,"22":0,"23":0,"24":0,"25":0,"26":0,"27":0,"28":0,"29":0,"30":0,"31":0,"32":0,"33":0,"34":0,"35":0,"36":0,"37":0,"38":0,"39":0,"40":0,"41":0,"42":0,"43":0,"44":0,"45":0,"46":0,"47":0,"48":0,"49":0,"50":0,"51":0,"52":0,"53":0,"54":0,"55":0,"56":0,"57":0,"58":0,"59":0,"60":0,"61":0,"62":0,"63":0,"64":0,"65":0,"66":0,"67":0,"68":0},"f":{"0":0,"1":0,"2":0,"3":0,"4":0,"5":0,"6":0},"b":{"0":[0,0],"1":[0],"2":[0,0],"3":[0],"4":[0],"5":[0],"6":[0,0],"7":[0,0],"8":[0,0],"9":[0],"10":[0,0],"11":[0,0],"12":[0],"13":[0,0],"14":[0],"15":[0,0],"16":[0,0],"17":[0,0],"18":[0],"19":[0,0]}}
,"/home/runner/work/motion-clone/motion-clone/backend/src/routes/milestones.ts": {"path":"/home/runner/work/motion-clone/motion-clone/backend/src/routes/milestones.ts","statementMap":{"0":{"start":{"line":9,"column":15},"end":{"line":9,"column":31}},"1":{"start":{"line":10,"column":25},"end":{"line":10,"column":47}},"2":{"start":{"line":13,"column":0},"end":{"line":40,"column":3}},"3":{"start":{"line":14,"column":2},"end":{"line":39,"column":3}},"4":{"start":{"line":15,"column":35},"end":{"line":15,"column":44}},"5":{"start":{"line":18,"column":4},"end":{"line":26,"column":5}},"6":{"start":{"line":19,"column":6},"end":{"line":19,"column":79}},"7":{"start":{"line":20,"column":11},"end":{"line":26,"column":5}},"8":{"start":{"line":21,"column":6},"end":{"line":23,"column":8}},"9":{"start":{"line":25,"column":6},"end":{"line":25,"column":61}},"10":{"start":{"line":28,"column":4},"end":{"line":33,"column":6}},"11":{"start":{"line":35,"column":4},"end":{"line":38,"column":6}},"12":{"start":{"line":43,"column":0},"end":{"line":65,"column":3}},"13":{"start":{"line":44,"column":2},"end":{"line":64,"column":3}},"14":{"start":{"line":45,"column":19},"end":{"line":45,"column":29}},"15":{"start":{"line":46,"column":4},"end":{"line":51,"column":5}},"16":{"start":{"line":47,"column":6},"end":{"line":50,"column":8}},"17":{"start":{"line":52,"column":22},"end":{"line":52,"column":65}},"18":{"start":{"line":54,"column":4},"end":{"line":56,"column":5}},"19":{"start":{"line":55,"column":6},"end":{"line":55,"column":55}},"20":{"start":{"line":58,"column":4},"end":{"line":58,"column":78}},"21":{"start":{"line":60,"column":4},"end":{"line":63,"column":6}},"22":{"start":{"line":68,"column":0},"end":{"line":79,"column":3}},"23":{"start":{"line":69,"column":2},"end":{"line":78,"column":3}},"24":{"start":{"line":70,"column":40},"end":{"line":70,"column":48}},"25":{"start":{"line":71,"column":22},"end":{"line":71,"column":67}},"26":{"start":{"line":72,"column":4},"end":{"line":72,"column":77}},"27":{"start":{"line":74,"column":4},"end":{"line":77,"column":6}},"28":{"start":{"line":82,"column":0},"end":{"line":100,"column":3}},"29":{"start":{"line":83,"column":2},"end":{"line":99,"column":3}},"30":{"start":{"line":84,"column":19},"end":{"line":84,"column":29}},"31":{"start":{"line":85,"column":4},"end":{"line":90,"column":5}},"32":{"start":{"line":86,"column":6},"end":{"line":89,"column":8}},"33":{"start":{"line":91,"column":40},"end":{"line":91,"column":48}},"34":{"start":{"line":92,"column":22},"end":{"line":92,"column":71}},"35":{"start":{"line":93,"column":4},"end":{"line":93,"column":77}},"36":{"start":{"line":95,"column":4},"end":{"line":98,"column":6}},"37":{"start":{"line":103,"column":0},"end":{"line":120,"column":3}},"38":{"start":{"line":104,"column":2},"end":{"line":119,"column":3}},"39":{"start":{"line":105,"column":19},"end":{"line":105,"column":29}},"40":{"start":{"line":106,"column":4},"end":{"line":111,"column":5}},"41":{"start":{"line":107,"column":6},"end":{"line":110,"column":8}},"42":{"start":{"line":112,"column":4},"end":{"line":112,"column":47}},"43":{"start":{"line":113,"column":4},"end":{"line":113,"column":66}},"44":{"start":{"line":115,"column":4},"end":{"line":118,"column":6}}},"fnMap":{"0":{"name":"(anonymous_0)","decl":{"start":{"line":13,"column":16},"end":{"line":13,"column":21}},"loc":{"start":{"line":13,"column":54},"end":{"line":40,"column":1}}},"1":{"name":"(anonymous_1)","decl":{"start":{"line":43,"column":19},"end":{"line":43,"column":24}},"loc":{"start":{"line":43,"column":57},"end":{"line":65,"column":1}}},"2":{"name":"(anonymous_2)","decl":{"start":{"line":68,"column":17},"end":{"line":68,"column":22}},"loc":{"start":{"line":68,"column":55},"end":{"line":79,"column":1}}},"3":{"name":"(anonymous_3)","decl":{"start":{"line":82,"column":19},"end":{"line":82,"column":24}},"loc":{"start":{"line":82,"column":57},"end":{"line":100,"column":1}}},"4":{"name":"(anonymous_4)","decl":{"start":{"line":103,"column":22},"end":{"line":103,"column":27}},"loc":{"start":{"line":103,"column":60},"end":{"line":120,"column":1}}}},"branchMap":{"0":{"loc":{"start":{"line":18,"column":4},"end":{"line":26,"column":5}},"type":"if","locations":[{"start":{"line":18,"column":4},"end":{"line":26,"column":5}},{"start":{"line":20,"column":11},"end":{"line":26,"column":5}}]},"1":{"loc":{"start":{"line":18,"column":8},"end":{"line":18,"column":52}},"type":"binary-expr","locations":[{"start":{"line":18,"column":8},"end":{"line":18,"column":18}},{"start":{"line":18,"column":22},"end":{"line":18,"column":52}}]},"2":{"loc":{"start":{"line":20,"column":11},"end":{"line":26,"column":5}},"type":"if","locations":[{"start":{"line":20,"column":11},"end":{"line":26,"column":5}},{"start":{"line":24,"column":11},"end":{"line":26,"column":5}}]},"3":{"loc":{"start":{"line":20,"column":15},"end":{"line":20,"column":51}},"type":"binary-expr","locations":[{"start":{"line":20,"column":15},"end":{"line":20,"column":21}},{"start":{"line":20,"column":25},"end":{"line":20,"column":51}}]},"4":{"loc":{"start":{"line":37,"column":6},"end":{"line":37,"column":70}},"type":"cond-expr","locations":[{"start":{"line":37,"column":31},"end":{"line":37,"column":44}},{"start":{"line":37,"column":47},"end":{"line":37,"column":70}}]},"5":{"loc":{"start":{"line":46,"column":4},"end":{"line":51,"column":5}},"type":"if","locations":[{"start":{"line":46,"column":4},"end":{"line":51,"column":5}}]},"6":{"loc":{"start":{"line":46,"column":8},"end":{"line":46,"column":37}},"type":"binary-expr","locations":[{"start":{"line":46,"column":8},"end":{"line":46,"column":11}},{"start":{"line":46,"column":15},"end":{"line":46,"column":37}}]},"7":{"loc":{"start":{"line":54,"column":4},"end":{"line":56,"column":5}},"type":"if","locations":[{"start":{"line":54,"column":4},"end":{"line":56,"column":5}}]},"8":{"loc":{"start":{"line":62,"column":6},"end":{"line":62,"column":70}},"type":"cond-expr","locations":[{"start":{"line":62,"column":31},"end":{"line":62,"column":44}},{"start":{"line":62,"column":47},"end":{"line":62,"column":70}}]},"9":{"loc":{"start":{"line":76,"column":6},"end":{"line":76,"column":60}},"type":"cond-expr","locations":[{"start":{"line":76,"column":31},"end":{"line":76,"column":44}},{"start":{"line":76,"column":47},"end":{"line":76,"column":60}}]},"10":{"loc":{"start":{"line":85,"column":4},"end":{"line":90,"column":5}},"type":"if","locations":[{"start":{"line":85,"column":4},"end":{"line":90,"column":5}}]},"11":{"loc":{"start":{"line":85,"column":8},"end":{"line":85,"column":37}},"type":"binary-expr","locations":[{"start":{"line":85,"column":8},"end":{"line":85,"column":11}},{"start":{"line":85,"column":15},"end":{"line":85,"column":37}}]},"12":{"loc":{"start":{"line":97,"column":6},"end":{"line":97,"column":60}},"type":"cond-expr","locations":[{"start":{"line":97,"column":31},"end":{"line":97,"column":44}},{"start":{"line":97,"column":47},"end":{"line":97,"column":60}}]},"13":{"loc":{"start":{"line":106,"column":4},"end":{"line":111,"column":5}},"type":"if","locations":[{"start":{"line":106,"column":4},"end":{"line":111,"column":5}}]},"14":{"loc":{"start":{"line":106,"column":8},"end":{"line":106,"column":37}},"type":"binary-expr","locations":[{"start":{"line":106,"column":8},"end":{"line":106,"column":11}},{"start":{"line":106,"column":15},"end":{"line":106,"column":37}}]},"15":{"loc":{"start":{"line":117,"column":6},"end":{"line":117,"column":70}},"type":"cond-expr","locations":[{"start":{"line":117,"column":31},"end":{"line":117,"column":44}},{"start":{"line":117,"column":47},"end":{"line":117,"column":70}}]}},"s":{"0":1,"1":1,"2":1,"3":4,"4":4,"5":4,"6":1,"7":3,"8":1,"9":2,"10":3,"11":1,"12":1,"13":3,"14":3,"15":3,"16":0,"17":3,"18":2,"19":1,"20":1,"21":1,"22":1,"23":2,"24":2,"25":2,"26":1,"27":1,"28":1,"29":2,"30":2,"31":2,"32":0,"33":2,"34":2,"35":1,"36":1,"37":1,"38":2,"39":2,"40":2,"41":0,"42":2,"43":1,"44":1},"f":{"0":4,"1":3,"2":2,"3":2,"4":2},"b":{"0":[1,3],"1":[4,1],"2":[1,2],"3":[3,1],"4":[1,0],"5":[0],"6":[3,3],"7":[1],"8":[1,0],"9":[1,0],"10":[0],"11":[2,2],"12":[1,0],"13":[0],"14":[2,2],"15":[1,0]}}
,"/home/runner/work/motion-clone/motion-clone/backend/src/routes/projects.ts": {"path":"/home/runner/work/motion-clone/motion-clone/backend/src/routes/projects.ts","statementMap":{"0":{"start":{"line":10,"column":15},"end":{"line":10,"column":31}},"1":{"start":{"line":11,"column":23},"end":{"line":11,"column":43}},"2":{"start":{"line":14,"column":0},"end":{"line":14,"column":27}},"3":{"start":{"line":17,"column":0},"end":{"line":45,"column":3}},"4":{"start":{"line":18,"column":18},"end":{"line":18,"column":36}},"5":{"start":{"line":19,"column":2},"end":{"line":44,"column":3}},"6":{"start":{"line":20,"column":23},"end":{"line":20,"column":32}},"7":{"start":{"line":21,"column":19},"end":{"line":21,"column":41}},"8":{"start":{"line":24,"column":4},"end":{"line":31,"column":5}},"9":{"start":{"line":25,"column":6},"end":{"line":28,"column":8}},"10":{"start":{"line":30,"column":6},"end":{"line":30,"column":61}},"11":{"start":{"line":33,"column":4},"end":{"line":38,"column":6}},"12":{"start":{"line":40,"column":4},"end":{"line":43,"column":6}},"13":{"start":{"line":48,"column":0},"end":{"line":74,"column":3}},"14":{"start":{"line":49,"column":18},"end":{"line":49,"column":36}},"15":{"start":{"line":50,"column":2},"end":{"line":73,"column":3}},"16":{"start":{"line":51,"column":19},"end":{"line":51,"column":29}},"17":{"start":{"line":52,"column":4},"end":{"line":57,"column":5}},"18":{"start":{"line":53,"column":6},"end":{"line":56,"column":8}},"19":{"start":{"line":58,"column":20},"end":{"line":60,"column":null}},"20":{"start":{"line":63,"column":4},"end":{"line":65,"column":5}},"21":{"start":{"line":64,"column":6},"end":{"line":64,"column":53}},"22":{"start":{"line":67,"column":4},"end":{"line":67,"column":74}},"23":{"start":{"line":69,"column":4},"end":{"line":72,"column":6}},"24":{"start":{"line":77,"column":0},"end":{"line":92,"column":3}},"25":{"start":{"line":78,"column":18},"end":{"line":78,"column":36}},"26":{"start":{"line":79,"column":2},"end":{"line":91,"column":3}},"27":{"start":{"line":80,"column":38},"end":{"line":80,"column":46}},"28":{"start":{"line":81,"column":20},"end":{"line":83,"column":null}},"29":{"start":{"line":85,"column":4},"end":{"line":85,"column":73}},"30":{"start":{"line":87,"column":4},"end":{"line":90,"column":6}},"31":{"start":{"line":95,"column":0},"end":{"line":118,"column":3}},"32":{"start":{"line":96,"column":18},"end":{"line":96,"column":36}},"33":{"start":{"line":97,"column":2},"end":{"line":117,"column":3}},"34":{"start":{"line":98,"column":19},"end":{"line":98,"column":29}},"35":{"start":{"line":99,"column":4},"end":{"line":104,"column":5}},"36":{"start":{"line":100,"column":6},"end":{"line":103,"column":8}},"37":{"start":{"line":105,"column":38},"end":{"line":105,"column":46}},"38":{"start":{"line":106,"column":20},"end":{"line":109,"column":null}},"39":{"start":{"line":111,"column":4},"end":{"line":111,"column":73}},"40":{"start":{"line":113,"column":4},"end":{"line":116,"column":6}},"41":{"start":{"line":121,"column":0},"end":{"line":136,"column":3}},"42":{"start":{"line":122,"column":18},"end":{"line":122,"column":36}},"43":{"start":{"line":123,"column":2},"end":{"line":135,"column":3}},"44":{"start":{"line":124,"column":19},"end":{"line":124,"column":29}},"45":{"start":{"line":125,"column":4},"end":{"line":127,"column":5}},"46":{"start":{"line":126,"column":6},"end":{"line":126,"column":91}},"47":{"start":{"line":128,"column":4},"end":{"line":128,"column":67}},"48":{"start":{"line":129,"column":4},"end":{"line":129,"column":64}},"49":{"start":{"line":131,"column":4},"end":{"line":134,"column":6}}},"fnMap":{"0":{"name":"(anonymous_0)","decl":{"start":{"line":17,"column":16},"end":{"line":17,"column":21}},"loc":{"start":{"line":17,"column":54},"end":{"line":45,"column":1}}},"1":{"name":"(anonymous_1)","decl":{"start":{"line":48,"column":19},"end":{"line":48,"column":24}},"loc":{"start":{"line":48,"column":57},"end":{"line":74,"column":1}}},"2":{"name":"(anonymous_2)","decl":{"start":{"line":77,"column":17},"end":{"line":77,"column":22}},"loc":{"start":{"line":77,"column":55},"end":{"line":92,"column":1}}},"3":{"name":"(anonymous_3)","decl":{"start":{"line":95,"column":19},"end":{"line":95,"column":24}},"loc":{"start":{"line":95,"column":57},"end":{"line":118,"column":1}}},"4":{"name":"(anonymous_4)","decl":{"start":{"line":121,"column":22},"end":{"line":121,"column":27}},"loc":{"start":{"line":121,"column":60},"end":{"line":136,"column":1}}}},"branchMap":{"0":{"loc":{"start":{"line":24,"column":4},"end":{"line":31,"column":5}},"type":"if","locations":[{"start":{"line":24,"column":4},"end":{"line":31,"column":5}},{"start":{"line":29,"column":11},"end":{"line":31,"column":5}}]},"1":{"loc":{"start":{"line":24,"column":8},"end":{"line":24,"column":44}},"type":"binary-expr","locations":[{"start":{"line":24,"column":8},"end":{"line":24,"column":14}},{"start":{"line":24,"column":18},"end":{"line":24,"column":44}}]},"2":{"loc":{"start":{"line":42,"column":6},"end":{"line":42,"column":70}},"type":"cond-expr","locations":[{"start":{"line":42,"column":31},"end":{"line":42,"column":44}},{"start":{"line":42,"column":47},"end":{"line":42,"column":70}}]},"3":{"loc":{"start":{"line":52,"column":4},"end":{"line":57,"column":5}},"type":"if","locations":[{"start":{"line":52,"column":4},"end":{"line":57,"column":5}}]},"4":{"loc":{"start":{"line":52,"column":8},"end":{"line":52,"column":37}},"type":"binary-expr","locations":[{"start":{"line":52,"column":8},"end":{"line":52,"column":11}},{"start":{"line":52,"column":15},"end":{"line":52,"column":37}}]},"5":{"loc":{"start":{"line":63,"column":4},"end":{"line":65,"column":5}},"type":"if","locations":[{"start":{"line":63,"column":4},"end":{"line":65,"column":5}}]},"6":{"loc":{"start":{"line":71,"column":6},"end":{"line":71,"column":70}},"type":"cond-expr","locations":[{"start":{"line":71,"column":31},"end":{"line":71,"column":44}},{"start":{"line":71,"column":47},"end":{"line":71,"column":70}}]},"7":{"loc":{"start":{"line":89,"column":6},"end":{"line":89,"column":60}},"type":"cond-expr","locations":[{"start":{"line":89,"column":31},"end":{"line":89,"column":44}},{"start":{"line":89,"column":47},"end":{"line":89,"column":60}}]},"8":{"loc":{"start":{"line":99,"column":4},"end":{"line":104,"column":5}},"type":"if","locations":[{"start":{"line":99,"column":4},"end":{"line":104,"column":5}}]},"9":{"loc":{"start":{"line":99,"column":8},"end":{"line":99,"column":37}},"type":"binary-expr","locations":[{"start":{"line":99,"column":8},"end":{"line":99,"column":11}},{"start":{"line":99,"column":15},"end":{"line":99,"column":37}}]},"10":{"loc":{"start":{"line":115,"column":6},"end":{"line":115,"column":60}},"type":"cond-expr","locations":[{"start":{"line":115,"column":31},"end":{"line":115,"column":44}},{"start":{"line":115,"column":47},"end":{"line":115,"column":60}}]},"11":{"loc":{"start":{"line":125,"column":4},"end":{"line":127,"column":5}},"type":"if","locations":[{"start":{"line":125,"column":4},"end":{"line":127,"column":5}}]},"12":{"loc":{"start":{"line":125,"column":8},"end":{"line":125,"column":37}},"type":"binary-expr","locations":[{"start":{"line":125,"column":8},"end":{"line":125,"column":11}},{"start":{"line":125,"column":15},"end":{"line":125,"column":37}}]},"13":{"loc":{"start":{"line":133,"column":6},"end":{"line":133,"column":70}},"type":"cond-expr","locations":[{"start":{"line":133,"column":31},"end":{"line":133,"column":44}},{"start":{"line":133,"column":47},"end":{"line":133,"column":70}}]}},"s":{"0":1,"1":1,"2":1,"3":1,"4":3,"5":3,"6":3,"7":3,"8":3,"9":1,"10":2,"11":2,"12":1,"13":1,"14":3,"15":3,"16":3,"17":3,"18":0,"19":3,"20":2,"21":1,"22":1,"23":1,"24":1,"25":2,"26":2,"27":2,"28":2,"29":1,"30":1,"31":1,"32":2,"33":2,"34":2,"35":2,"36":0,"37":2,"38":2,"39":1,"40":1,"41":1,"42":2,"43":2,"44":2,"45":2,"46":0,"47":2,"48":1,"49":1},"f":{"0":3,"1":3,"2":2,"3":2,"4":2},"b":{"0":[1,2],"1":[3,1],"2":[1,0],"3":[0],"4":[3,3],"5":[1],"6":[1,0],"7":[1,0],"8":[0],"9":[2,2],"10":[1,0],"11":[0],"12":[2,2],"13":[1,0]}}
,"/home/runner/work/motion-clone/motion-clone/backend/src/routes/subscriptions.ts": {"path":"/home/runner/work/motion-clone/motion-clone/backend/src/routes/subscriptions.ts","statementMap":{"0":{"start":{"line":5,"column":15},"end":{"line":5,"column":31}},"1":{"start":{"line":7,"column":29},"end":{"line":7,"column":35}},"2":{"start":{"line":8,"column":23},"end":{"line":8,"column":24}},"3":{"start":{"line":9,"column":21},"end":{"line":9,"column":74}},"4":{"start":{"line":12,"column":2},"end":{"line":12,"column":29}},"5":{"start":{"line":16,"column":2},"end":{"line":16,"column":50}},"6":{"start":{"line":19,"column":0},"end":{"line":84,"column":3}},"7":{"start":{"line":20,"column":2},"end":{"line":83,"column":3}},"8":{"start":{"line":21,"column":23},"end":{"line":21,"column":78}},"9":{"start":{"line":23,"column":4},"end":{"line":25,"column":5}},"10":{"start":{"line":24,"column":6},"end":{"line":24,"column":74}},"11":{"start":{"line":27,"column":16},"end":{"line":27,"column":33}},"12":{"start":{"line":28,"column":16},"end":{"line":28,"column":26}},"13":{"start":{"line":29,"column":18},"end":{"line":29,"column":39}},"14":{"start":{"line":31,"column":4},"end":{"line":43,"column":5}},"15":{"start":{"line":32,"column":6},"end":{"line":39,"column":7}},"16":{"start":{"line":33,"column":8},"end":{"line":38,"column":10}},"17":{"start":{"line":40,"column":6},"end":{"line":40,"column":23}},"18":{"start":{"line":42,"column":6},"end":{"line":42,"column":79}},"19":{"start":{"line":45,"column":22},"end":{"line":47,"column":36}},"20":{"start":{"line":49,"column":4},"end":{"line":51,"column":5}},"21":{"start":{"line":50,"column":6},"end":{"line":50,"column":59}},"22":{"start":{"line":54,"column":4},"end":{"line":71,"column":5}},"23":{"start":{"line":55,"column":32},"end":{"line":55,"column":61}},"24":{"start":{"line":56,"column":6},"end":{"line":64,"column":7}},"25":{"start":{"line":57,"column":8},"end":{"line":63,"column":11}},"26":{"start":{"line":67,"column":6},"end":{"line":70,"column":8}},"27":{"start":{"line":73,"column":4},"end":{"line":77,"column":6}},"28":{"start":{"line":79,"column":4},"end":{"line":82,"column":6}}},"fnMap":{"0":{"name":"getClientKey","decl":{"start":{"line":11,"column":9},"end":{"line":11,"column":21}},"loc":{"start":{"line":11,"column":34},"end":{"line":13,"column":1}}},"1":{"name":"isValidEmail","decl":{"start":{"line":15,"column":9},"end":{"line":15,"column":21}},"loc":{"start":{"line":15,"column":35},"end":{"line":17,"column":1}}},"2":{"name":"(anonymous_2)","decl":{"start":{"line":19,"column":17},"end":{"line":19,"column":22}},"loc":{"start":{"line":19,"column":55},"end":{"line":84,"column":1}}}},"branchMap":{"0":{"loc":{"start":{"line":12,"column":9},"end":{"line":12,"column":28}},"type":"binary-expr","locations":[{"start":{"line":12,"column":9},"end":{"line":12,"column":15}},{"start":{"line":12,"column":19},"end":{"line":12,"column":28}}]},"1":{"loc":{"start":{"line":21,"column":24},"end":{"line":21,"column":45}},"type":"binary-expr","locations":[{"start":{"line":21,"column":24},"end":{"line":21,"column":39}},{"start":{"line":21,"column":43},"end":{"line":21,"column":45}}]},"2":{"loc":{"start":{"line":23,"column":4},"end":{"line":25,"column":5}},"type":"if","locations":[{"start":{"line":23,"column":4},"end":{"line":25,"column":5}}]},"3":{"loc":{"start":{"line":23,"column":8},"end":{"line":23,"column":48}},"type":"binary-expr","locations":[{"start":{"line":23,"column":8},"end":{"line":23,"column":19}},{"start":{"line":23,"column":23},"end":{"line":23,"column":48}}]},"4":{"loc":{"start":{"line":31,"column":4},"end":{"line":43,"column":5}},"type":"if","locations":[{"start":{"line":31,"column":4},"end":{"line":43,"column":5}},{"start":{"line":41,"column":11},"end":{"line":43,"column":5}}]},"5":{"loc":{"start":{"line":31,"column":8},"end":{"line":31,"column":36}},"type":"binary-expr","locations":[{"start":{"line":31,"column":8},"end":{"line":31,"column":13}},{"start":{"line":31,"column":17},"end":{"line":31,"column":36}}]},"6":{"loc":{"start":{"line":32,"column":6},"end":{"line":39,"column":7}},"type":"if","locations":[{"start":{"line":32,"column":6},"end":{"line":39,"column":7}}]},"7":{"loc":{"start":{"line":49,"column":4},"end":{"line":51,"column":5}},"type":"if","locations":[{"start":{"line":49,"column":4},"end":{"line":51,"column":5}}]},"8":{"loc":{"start":{"line":56,"column":6},"end":{"line":64,"column":7}},"type":"if","locations":[{"start":{"line":56,"column":6},"end":{"line":64,"column":7}}]},"9":{"loc":{"start":{"line":81,"column":6},"end":{"line":81,"column":70}},"type":"cond-expr","locations":[{"start":{"line":81,"column":31},"end":{"line":81,"column":44}},{"start":{"line":81,"column":47},"end":{"line":81,"column":70}}]}},"s":{"0":0,"1":0,"2":0,"3":0,"4":0,"5":0,"6":0,"7":0,"8":0,"9":0,"10":0,"11":0,"12":0,"13":0,"14":0,"15":0,"16":0,"17":0,"18":0,"19":0,"20":0,"21":0,"22":0,"23":0,"24":0,"25":0,"26":0,"27":0,"28":0},"f":{"0":0,"1":0,"2":0},"b":{"0":[0,0],"1":[0,0],"2":[0],"3":[0,0],"4":[0,0],"5":[0,0],"6":[0],"7":[0],"8":[0],"9":[0,0]}}
,"/home/runner/work/motion-clone/motion-clone/backend/src/routes/tasks.ts": {"path":"/home/runner/work/motion-clone/motion-clone/backend/src/routes/tasks.ts","statementMap":{"0":{"start":{"line":7,"column":15},"end":{"line":7,"column":31}},"1":{"start":{"line":8,"column":20},"end":{"line":8,"column":37}},"2":{"start":{"line":11,"column":0},"end":{"line":11,"column":27}},"3":{"start":{"line":14,"column":0},"end":{"line":47,"column":3}},"4":{"start":{"line":15,"column":2},"end":{"line":46,"column":3}},"5":{"start":{"line":16,"column":20},"end":{"line":16,"column":38}},"6":{"start":{"line":17,"column":35},"end":{"line":17,"column":44}},"7":{"start":{"line":18,"column":18},"end":{"line":18,"column":35}},"8":{"start":{"line":19,"column":4},"end":{"line":21,"column":5}},"9":{"start":{"line":20,"column":6},"end":{"line":20,"column":46}},"10":{"start":{"line":24,"column":4},"end":{"line":33,"column":5}},"11":{"start":{"line":25,"column":6},"end":{"line":25,"column":71}},"12":{"start":{"line":26,"column":11},"end":{"line":33,"column":5}},"13":{"start":{"line":27,"column":6},"end":{"line":30,"column":8}},"14":{"start":{"line":32,"column":6},"end":{"line":32,"column":51}},"15":{"start":{"line":35,"column":4},"end":{"line":40,"column":6}},"16":{"start":{"line":42,"column":4},"end":{"line":45,"column":6}},"17":{"start":{"line":50,"column":0},"end":{"line":73,"column":3}},"18":{"start":{"line":51,"column":2},"end":{"line":72,"column":3}},"19":{"start":{"line":52,"column":20},"end":{"line":52,"column":38}},"20":{"start":{"line":53,"column":19},"end":{"line":53,"column":29}},"21":{"start":{"line":54,"column":4},"end":{"line":59,"column":5}},"22":{"start":{"line":55,"column":6},"end":{"line":58,"column":8}},"23":{"start":{"line":60,"column":17},"end":{"line":60,"column":69}},"24":{"start":{"line":62,"column":4},"end":{"line":64,"column":5}},"25":{"start":{"line":63,"column":6},"end":{"line":63,"column":50}},"26":{"start":{"line":66,"column":4},"end":{"line":66,"column":68}},"27":{"start":{"line":68,"column":4},"end":{"line":71,"column":6}},"28":{"start":{"line":76,"column":0},"end":{"line":98,"column":3}},"29":{"start":{"line":77,"column":2},"end":{"line":97,"column":3}},"30":{"start":{"line":78,"column":20},"end":{"line":78,"column":38}},"31":{"start":{"line":79,"column":4},"end":{"line":81,"column":5}},"32":{"start":{"line":80,"column":6},"end":{"line":80,"column":74}},"33":{"start":{"line":82,"column":35},"end":{"line":86,"column":6}},"34":{"start":{"line":87,"column":4},"end":{"line":87,"column":55}},"35":{"start":{"line":88,"column":17},"end":{"line":88,"column":71}},"36":{"start":{"line":89,"column":4},"end":{"line":89,"column":47}},"37":{"start":{"line":90,"column":4},"end":{"line":90,"column":67}},"38":{"start":{"line":92,"column":4},"end":{"line":92,"column":57}},"39":{"start":{"line":93,"column":4},"end":{"line":96,"column":6}},"40":{"start":{"line":101,"column":0},"end":{"line":123,"column":3}},"41":{"start":{"line":102,"column":2},"end":{"line":122,"column":3}},"42":{"start":{"line":103,"column":20},"end":{"line":103,"column":38}},"43":{"start":{"line":104,"column":19},"end":{"line":104,"column":29}},"44":{"start":{"line":105,"column":4},"end":{"line":110,"column":5}},"45":{"start":{"line":106,"column":6},"end":{"line":109,"column":8}},"46":{"start":{"line":111,"column":35},"end":{"line":114,"column":6}},"47":{"start":{"line":115,"column":17},"end":{"line":115,"column":75}},"48":{"start":{"line":116,"column":4},"end":{"line":116,"column":67}},"49":{"start":{"line":118,"column":4},"end":{"line":121,"column":6}},"50":{"start":{"line":126,"column":0},"end":{"line":144,"column":3}},"51":{"start":{"line":127,"column":2},"end":{"line":143,"column":3}},"52":{"start":{"line":128,"column":20},"end":{"line":128,"column":38}},"53":{"start":{"line":129,"column":19},"end":{"line":129,"column":29}},"54":{"start":{"line":130,"column":4},"end":{"line":135,"column":5}},"55":{"start":{"line":131,"column":6},"end":{"line":134,"column":8}},"56":{"start":{"line":136,"column":4},"end":{"line":136,"column":56}},"57":{"start":{"line":137,"column":4},"end":{"line":137,"column":61}},"58":{"start":{"line":139,"column":4},"end":{"line":142,"column":6}}},"fnMap":{"0":{"name":"(anonymous_0)","decl":{"start":{"line":14,"column":16},"end":{"line":14,"column":21}},"loc":{"start":{"line":14,"column":54},"end":{"line":47,"column":1}}},"1":{"name":"(anonymous_1)","decl":{"start":{"line":50,"column":19},"end":{"line":50,"column":24}},"loc":{"start":{"line":50,"column":57},"end":{"line":73,"column":1}}},"2":{"name":"(anonymous_2)","decl":{"start":{"line":76,"column":17},"end":{"line":76,"column":22}},"loc":{"start":{"line":76,"column":55},"end":{"line":98,"column":1}}},"3":{"name":"(anonymous_3)","decl":{"start":{"line":101,"column":19},"end":{"line":101,"column":24}},"loc":{"start":{"line":101,"column":57},"end":{"line":123,"column":1}}},"4":{"name":"(anonymous_4)","decl":{"start":{"line":126,"column":22},"end":{"line":126,"column":27}},"loc":{"start":{"line":126,"column":60},"end":{"line":144,"column":1}}}},"branchMap":{"0":{"loc":{"start":{"line":19,"column":4},"end":{"line":21,"column":5}},"type":"if","locations":[{"start":{"line":19,"column":4},"end":{"line":21,"column":5}}]},"1":{"loc":{"start":{"line":24,"column":4},"end":{"line":33,"column":5}
[...]
start":{"line":40,"column":10},"end":{"line":40,"column":16}},{"start":{"line":40,"column":20},"end":{"line":40,"column":24}}]},"4":{"loc":{"start":{"line":50,"column":4},"end":{"line":65,"column":5}},"type":"if","locations":[{"start":{"line":50,"column":4},"end":{"line":65,"column":5}}]},"5":{"loc":{"start":{"line":58,"column":6},"end":{"line":64,"column":7}},"type":"if","locations":[{"start":{"line":58,"column":6},"end":{"line":64,"column":7}}]},"6":{"loc":{"start":{"line":58,"column":10},"end":{"line":58,"column":24}},"type":"binary-expr","locations":[{"start":{"line":58,"column":10},"end":{"line":58,"column":16}},{"start":{"line":58,"column":20},"end":{"line":58,"column":24}}]},"7":{"loc":{"start":{"line":68,"column":4},"end":{"line":79,"column":5}},"type":"if","locations":[{"start":{"line":68,"column":4},"end":{"line":79,"column":5}}]},"8":{"loc":{"start":{"line":86,"column":19},"end":{"line":86,"column":69}},"type":"cond-expr","locations":[{"start":{"line":86,"column":27},"end":{"line":86,"column":58}},{"start":{"line":86,"column":61},"end":{"line":86,"column":69}}]},"9":{"loc":{"start":{"line":94,"column":4},"end":{"line":96,"column":5}},"type":"if","locations":[{"start":{"line":94,"column":4},"end":{"line":96,"column":5}}]},"10":{"loc":{"start":{"line":98,"column":12},"end":{"line":98,"column":22}},"type":"binary-expr","locations":[{"start":{"line":98,"column":12},"end":{"line":98,"column":16}},{"start":{"line":98,"column":20},"end":{"line":98,"column":22}}]},"11":{"loc":{"start":{"line":110,"column":19},"end":{"line":110,"column":69}},"type":"cond-expr","locations":[{"start":{"line":110,"column":27},"end":{"line":110,"column":58}},{"start":{"line":110,"column":61},"end":{"line":110,"column":69}}]},"12":{"loc":{"start":{"line":116,"column":16},"end":{"line":116,"column":39}},"type":"binary-expr","locations":[{"start":{"line":116,"column":16},"end":{"line":116,"column":26}},{"start":{"line":116,"column":30},"end":{"line":116,"column":39}}]},"13":{"loc":{"start":{"line":117,"column":31},"end":{"line":117,"column":61}},"type":"binary-expr","locations":[{"start":{"line":117,"column":31},"end":{"line":117,"column":56}},{"start":{"line":117,"column":60},"end":{"line":117,"column":61}}]},"14":{"loc":{"start":{"line":118,"column":29},"end":{"line":118,"column":58}},"type":"binary-expr","locations":[{"start":{"line":118,"column":29},"end":{"line":118,"column":52}},{"start":{"line":118,"column":56},"end":{"line":118,"column":58}}]},"15":{"loc":{"start":{"line":119,"column":22},"end":{"line":119,"column":47}},"type":"binary-expr","locations":[{"start":{"line":119,"column":22},"end":{"line":119,"column":38}},{"start":{"line":119,"column":42},"end":{"line":119,"column":47}}]},"16":{"loc":{"start":{"line":125,"column":4},"end":{"line":127,"column":5}},"type":"if","locations":[{"start":{"line":125,"column":4},"end":{"line":127,"column":5}}]},"17":{"loc":{"start":{"line":143,"column":19},"end":{"line":143,"column":69}},"type":"cond-expr","locations":[{"start":{"line":143,"column":27},"end":{"line":143,"column":58}},{"start":{"line":143,"column":61},"end":{"line":143,"column":69}}]},"18":{"loc":{"start":{"line":157,"column":4},"end":{"line":159,"column":5}},"type":"if","locations":[{"start":{"line":157,"column":4},"end":{"line":159,"column":5}}]},"19":{"loc":{"start":{"line":174,"column":19},"end":{"line":174,"column":69}},"type":"cond-expr","locations":[{"start":{"line":174,"column":27},"end":{"line":174,"column":58}},{"start":{"line":174,"column":61},"end":{"line":174,"column":69}}]},"20":{"loc":{"start":{"line":183,"column":4},"end":{"line":187,"column":5}},"type":"if","locations":[{"start":{"line":183,"column":4},"end":{"line":187,"column":5}}]},"21":{"loc":{"start":{"line":195,"column":4},"end":{"line":199,"column":5}},"type":"if","locations":[{"start":{"line":195,"column":4},"end":{"line":199,"column":5}}]},"22":{"loc":{"start":{"line":195,"column":8},"end":{"line":195,"column":36}},"type":"binary-expr","locations":[{"start":{"line":195,"column":8},"end":{"line":195,"column":22}},{"start":{"line":195,"column":26},"end":{"line":195,"column":36}}]},"23":{"loc":{"start":{"line":207,"column":4},"end":{"line":209,"column":5}},"type":"if","locations":[{"start":{"line":207,"column":4},"end":{"line":209,"column":5}}]},"24":{"loc":{"start":{"line":217,"column":19},"end":{"line":217,"column":69}},"type":"cond-expr","locations":[{"start":{"line":217,"column":27},"end":{"line":217,"column":58}},{"start":{"line":217,"column":61},"end":{"line":217,"column":69}}]},"25":{"loc":{"start":{"line":224,"column":4},"end":{"line":229,"column":5}},"type":"if","locations":[{"start":{"line":224,"column":4},"end":{"line":229,"column":5}}]},"26":{"loc":{"start":{"line":225,"column":6},"end":{"line":227,"column":7}},"type":"if","locations":[{"start":{"line":225,"column":6},"end":{"line":227,"column":7}}]},"27":{"loc":{"start":{"line":231,"column":11},"end":{"line":237,"column":12}},"type":"cond-expr","locations":[{"start":{"line":232,"column":8},"end":{"line":236,"column":null}},{"start":{"line":237,"column":8},"end":{"line":237,"column":12}}]},"28":{"loc":{"start":{"line":245,"column":19},"end":{"line":245,"column":69}},"type":"cond-expr","locations":[{"start":{"line":245,"column":27},"end":{"line":245,"column":58}},{"start":{"line":245,"column":61},"end":{"line":245,"column":69}}]},"29":{"loc":{"start":{"line":251,"column":30},"end":{"line":251,"column":62}},"type":"binary-expr","locations":[{"start":{"line":251,"column":30},"end":{"line":251,"column":54}},{"start":{"line":251,"column":58},"end":{"line":251,"column":62}}]},"30":{"loc":{"start":{"line":260,"column":4},"end":{"line":262,"column":5}},"type":"if","locations":[{"start":{"line":260,"column":4},"end":{"line":262,"column":5}}]},"31":{"loc":{"start":{"line":277,"column":19},"end":{"line":277,"column":69}},"type":"cond-expr","locations":[{"start":{"line":277,"column":27},"end":{"line":277,"column":58}},{"start":{"line":277,"column":61},"end":{"line":277,"column":69}}]},"32":{"loc":{"start":{"line":287,"column":4},"end":{"line":289,"column":5}},"type":"if","locations":[{"start":{"line":287,"column":4},"end":{"line":289,"column":5}}]},"33":{"loc":{"start":{"line":303,"column":19},"end":{"line":303,"column":69}},"type":"cond-expr","locations":[{"start":{"line":303,"column":27},"end":{"line":303,"column":58}},{"start":{"line":303,"column":61},"end":{"line":303,"column":69}}]},"34":{"loc":{"start":{"line":312,"column":4},"end":{"line":363,"column":5}},"type":"if","locations":[{"start":{"line":312,"column":4},"end":{"line":363,"column":5}}]},"35":{"loc":{"start":{"line":313,"column":6},"end":{"line":361,"column":7}},"type":"if","locations":[{"start":{"line":313,"column":6},"end":{"line":361,"column":7}}]},"36":{"loc":{"start":{"line":330,"column":10},"end":{"line":339,"column":11}},"type":"if","locations":[{"start":{"line":330,"column":10},"end":{"line":339,"column":11}}]},"37":{"loc":{"start":{"line":342,"column":23},"end":{"line":342,"column":61}},"type":"binary-expr","locations":[{"start":{"line":342,"column":23},"end":{"line":342,"column":52}},{"start":{"line":342,"column":56},"end":{"line":342,"column":61}}]},"38":{"loc":{"start":{"line":343,"column":19},"end":{"line":343,"column":70}},"type":"binary-expr","locations":[{"start":{"line":343,"column":19},"end":{"line":343,"column":62}},{"start":{"line":343,"column":66},"end":{"line":343,"column":70}}]},"39":{"loc":{"start":{"line":344,"column":24},"end":{"line":346,"column":20}},"type":"cond-expr","locations":[{"start":{"line":345,"column":16},"end":{"line":345,"column":55}},{"start":{"line":346,"column":16},"end":{"line":346,"column":20}}]},"40":{"loc":{"start":{"line":347,"column":26},"end":{"line":349,"column":20}},"type":"cond-expr","locations":[{"start":{"line":348,"column":16},"end":{"line":348,"column":57}},{"start":{"line":349,"column":16},"end":{"line":349,"column":20}}]},"41":{"loc":{"start":{"line":366,"column":17},"end":{"line":366,"column":52}},"type":"binary-expr","locations":[{"start":{"line":366,"column":17},"end":{"line":366,"column":43}},{"start":{"line":366,"column":47},"end":{"line":366,"column":52}}]},"42":{"loc":{"start":{"line":367,"column":13},"end":{"line":367,"column":61}},"type":"binary-expr","locations":[{"start":{"line":367,"column":13},"end":{"line":367,"column":53}},{"start":{"line":367,"column":57},"end":{"line":367,"column":61}}]},"43":{"loc":{"start":{"line":368,"column":18},"end":{"line":370,"column":14}},"type":"cond-expr","locations":[{"start":{"line":369,"column":10},"end":{"line":369,"column":46}},{"start":{"line":370,"column":10},"end":{"line":370,"column":14}}]},"44":{"loc":{"start":{"line":371,"column":20},"end":{"line":373,"column":14}},"type":"cond-expr","locations":[{"start":{"line":372,"column":10},"end":{"line":372,"column":48}},{"start":{"line":373,"column":10},"end":{"line":373,"column":14}}]},"45":{"loc":{"start":{"line":394,"column":4},"end":{"line":396,"column":5}},"type":"if","locations":[{"start":{"line":394,"column":4},"end":{"line":396,"column":5}}]},"46":{"loc":{"start":{"line":394,"column":8},"end":{"line":394,"column":65}},"type":"binary-expr","locations":[{"start":{"line":394,"column":8},"end":{"line":394,"column":48}},{"start":{"line":394,"column":52},"end":{"line":394,"column":65}}]},"47":{"loc":{"start":{"line":398,"column":19},"end":{"line":398,"column":69}},"type":"cond-expr","locations":[{"start":{"line":398,"column":27},"end":{"line":398,"column":58}},{"start":{"line":398,"column":61},"end":{"line":398,"column":69}}]},"48":{"loc":{"start":{"line":413,"column":4},"end":{"line":415,"column":5}},"type":"if","locations":[{"start":{"line":413,"column":4},"end":{"line":415,"column":5}}]},"49":{"loc":{"start":{"line":421,"column":29},"end":{"line":423,"column":14}},"type":"cond-expr","locations":[{"start":{"line":422,"column":10},"end":{"line":422,"column":46}},{"start":{"line":423,"column":10},"end":{"line":423,"column":14}}]},"50":{"loc":{"start":{"line":424,"column":31},"end":{"line":426,"column":14}},"type":"cond-expr","locations":[{"start":{"line":425,"column":10},"end":{"line":425,"column":48}},{"start":{"line":426,"column":10},"end":{"line":426,"column":14}}]},"51":{"loc":{"start":{"line":435,"column":19},"end":{"line":435,"column":69}},"type":"cond-expr","locations":[{"start":{"line":435,"column":27},"end":{"line":435,"column":58}},{"start":{"line":435,"column":61},"end":{"line":435,"column":69}}]},"52":{"loc":{"start":{"line":446,"column":4},"end":{"line":457,"column":5}},"type":"if","locations":[{"start":{"line":446,"column":4},"end":{"line":457,"column":5}}]},"53":{"loc":{"start":{"line":448,"column":6},"end":{"line":455,"column":7}},"type":"if","locations":[{"start":{"line":448,"column":6},"end":{"line":455,"column":7}}]},"54":{"loc":{"start":{"line":463,"column":29},"end":{"line":465,"column":14}},"type":"cond-expr","locations":[{"start":{"line":464,"column":10},"end":{"line":464,"column":46}},{"start":{"line":465,"column":10},"end":{"line":465,"column":14}}]},"55":{"loc":{"start":{"line":466,"column":31},"end":{"line":468,"column":14}},"type":"cond-expr","locations":[{"start":{"line":467,"column":10},"end":{"line":467,"column":48}},{"start":{"line":468,"column":10},"end":{"line":468,"column":14}}]}},"s":{"0":3,"1":3,"2":3,"3":3,"4":1,"5":1,"6":1,"7":3,"8":2,"9":2,"10":1,"11":3,"12":1,"13":2,"14":2,"15":2,"16":2,"17":1,"18":1,"19":2,"20":2,"21":2,"22":2,"23":1,"24":1,"25":2,"26":2,"27":2,"28":1,"29":1,"30":3,"31":3,"32":3,"33":1,"34":2,"35":2,"36":1,"37":1,"38":1,"39":0,"40":3,"41":3,"42":3,"43":2,"44":1,"45":1,"46":1,"47":2,"48":2,"49":2,"50":1,"51":1,"52":0,"53":0,"54":0,"55":0,"56":0,"57":3,"58":3,"59":3,"60":2,"61":1,"62":1,"63":1,"64":0,"65":0,"66":1,"67":0,"68":0,"69":1,"70":1,"71":0,"72":0,"73":0,"74":0,"75":0,"76":0,"77":0,"78":0,"79":0,"80":0,"81":0,"82":0,"83":0,"84":0,"85":0,"86":0,"87":0},"f":{"0":3,"1":2,"2":2,"3":2,"4":2,"5":3,"6":3,"7":2,"8":0,"9":3,"10":0,"11":0,"12":0},"b":{"0":[1,2],"1":[1],"2":[1],"3":[1,1],"4":[2],"5":[1],"6":[2,1],"7":[1],"8":[1,1],"9":[1],"10":[1,0],"11":[0,2],"12":[2,2],"13":[2,2],"14":[2,2],"15":[2,2],"16":[1],"17":[0,2],"18":[1],"19":[0,3],"20":[1],"21":[1],"22":[2,2],"23":[0],"24":[1,2],"25":[2],"26":[1],"27":[1,0],"28":[0,2],"29":[2,1],"30":[1],"31":[0,0],"32":[0],"33":[1,2],"34":[2],"35":[1],"36":[0],"37":[1,0],"38":[1,1],"39":[0,1],"40":[0,1],"41":[1,0],"42":[1,0],"43":[1,0],"44":[1,0],"45":[0],"46":[0,0],"47":[0,0],"48":[0],"49":[0,0],"50":[0,0],"51":[0,0],"52":[0],"53":[0],"54":[0,0],"55":[0,0]}}
,"/home/runner/work/motion-clone/motion-clone/backend/src/utils/responseHelpers.ts": {"path":"/home/runner/work/motion-clone/motion-clone/backend/src/utils/responseHelpers.ts","statementMap":{"0":{"start":{"line":15,"column":36},"end":{"line":19,"column":6}},"1":{"start":{"line":20,"column":4},"end":{"line":20,"column":23}},"2":{"start":{"line":30,"column":31},"end":{"line":34,"column":6}},"3":{"start":{"line":35,"column":4},"end":{"line":35,"column":42}},"4":{"start":{"line":44,"column":40},"end":{"line":48,"column":6}},"5":{"start":{"line":49,"column":4},"end":{"line":49,"column":35}},"6":{"start":{"line":58,"column":40},"end":{"line":62,"column":6}},"7":{"start":{"line":63,"column":4},"end":{"line":63,"column":23}},"8":{"start":{"line":71,"column":37},"end":{"line":75,"column":6}},"9":{"start":{"line":76,"column":4},"end":{"line":76,"column":35}},"10":{"start":{"line":86,"column":38},"end":{"line":91,"column":6}},"11":{"start":{"line":92,"column":4},"end":{"line":92,"column":23}},"12":{"start":{"line":97,"column":40},"end":{"line":101,"column":6}},"13":{"start":{"line":102,"column":4},"end":{"line":102,"column":23}},"14":{"start":{"line":107,"column":31},"end":{"line":111,"column":6}},"15":{"start":{"line":112,"column":4},"end":{"line":112,"column":35}},"16":{"start":{"line":121,"column":31},"end":{"line":125,"column":6}},"17":{"start":{"line":126,"column":4},"end":{"line":126,"column":35}},"18":{"start":{"line":135,"column":31},"end":{"line":139,"column":6}},"19":{"start":{"line":140,"column":4},"end":{"line":140,"column":35}},"20":{"start":{"line":149,"column":31},"end":{"line":153,"column":6}},"21":{"start":{"line":154,"column":4},"end":{"line":154,"column":35}},"22":{"start":{"line":162,"column":31},"end":{"line":166,"column":6}},"23":{"start":{"line":167,"column":4},"end":{"line":167,"column":35}}},"fnMap":{"0":{"name":"(anonymous_0)","decl":{"start":{"line":14,"column":2},"end":{"line":14,"column":8}},"loc":{"start":{"line":14,"column":67},"end":{"line":21,"column":3}}},"1":{"name":"(anonymous_1)","decl":{"start":{"line":24,"column":2},"end":{"line":24,"column":8}},"loc":{"start":{"line":28,"column":20},"end":{"line":36,"column":3}}},"2":{"name":"(anonymous_2)","decl":{"start":{"line":39,"column":2},"end":{"line":39,"column":8}},"loc":{"start":{"line":42,"column":45},"end":{"line":50,"column":3}}},"3":{"name":"(anonymous_3)","decl":{"start":{"line":53,"column":2},"end":{"line":53,"column":8}},"loc":{"start":{"line":56,"column":45},"end":{"line":64,"column":3}}},"4":{"name":"(anonymous_4)","decl":{"start":{"line":67,"column":2},"end":{"line":67,"column":8}},"loc":{"start":{"line":69,"column":45},"end":{"line":77,"column":3}}},"5":{"name":"(anonymous_5)","decl":{"start":{"line":80,"column":2},"end":{"line":80,"column":8}},"loc":{"start":{"line":84,"column":18},"end":{"line":93,"column":3}}},"6":{"name":"(anonymous_6)","decl":{"start":{"line":96,"column":2},"end":{"line":96,"column":8}},"loc":{"start":{"line":96,"column":66},"end":{"line":103,"column":3}}},"7":{"name":"(anonymous_7)","decl":{"start":{"line":106,"column":2},"end":{"line":106,"column":8}},"loc":{"start":{"line":106,"column":61},"end":{"line":113,"column":3}}},"8":{"name":"(anonymous_8)","decl":{"start":{"line":116,"column":2},"end":{"line":116,"column":8}},"loc":{"start":{"line":119,"column":20},"end":{"line":127,"column":3}}},"9":{"name":"(anonymous_9)","decl":{"start":{"line":130,"column":2},"end":{"line":130,"column":8}},"loc":{"start":{"line":133,"column":20},"end":{"line":141,"column":3}}},"10":{"name":"(anonymous_10)","decl":{"start":{"line":144,"column":2},"end":{"line":144,"column":8}},"loc":{"start":{"line":147,"column":20},"end":{"line":155,"column":3}}},"11":{"name":"(anonymous_11)","decl":{"start":{"line":158,"column":2},"end":{"line":158,"column":8}},"loc":{"start":{"line":160,"column":35},"end":{"line":168,"column":3}}}},"branchMap":{"0":{"loc":{"start":{"line":18,"column":10},"end":{"line":18,"column":32}},"type":"binary-expr","locations":[{"start":{"line":18,"column":10},"end":{"line":18,"column":17}},{"start":{"line":18,"column":21},"end":{"line":18,"column":32}}]},"1":{"loc":{"start":{"line":27,"column":4},"end":{"line":27,"column":20}},"type":"default-arg","locations":[{"start":{"line":27,"column":17},"end":{"line":27,"column":20}}]},"2":{"loc":{"start":{"line":33,"column":10},"end":{"line":33,"column":32}},"type":"binary-expr","locations":[{"start":{"line":33,"column":10},"end":{"line":33,"column":17}},{"start":{"line":33,"column":21},"end":{"line":33,"column":32}}]},"3":{"loc":{"start":{"line":42,"column":4},"end":{"line":42,"column":45}},"type":"default-arg","locations":[{"start":{"line":42,"column":14},"end":{"line":42,"column":45}}]},"4":{"loc":{"start":{"line":56,"column":4},"end":{"line":56,"column":45}},"type":"default-arg","locations":[{"start":{"line":56,"column":14},"end":{"line":56,"column":45}}]},"5":{"loc":{"start":{"line":69,"column":4},"end":{"line":69,"column":45}},"type":"default-arg","locations":[{"start":{"line":69,"column":14},"end":{"line":69,"column":45}}]},"6":{"loc":{"start":{"line":89,"column":10},"end":{"line":89,"column":32}},"type":"binary-expr","locations":[{"start":{"line":89,"column":10},"end":{"line":89,"column":17}},{"start":{"line":89,"column":21},"end":{"line":89,"column":32}}]},"7":{"loc":{"start":{"line":90,"column":10},"end":{"line":90,"column":42}},"type":"binary-expr","locations":[{"start":{"line":90,"column":10},"end":{"line":90,"column":29}},{"start":{"line":90,"column":33},"end":{"line":90,"column":42}}]},"8":{"loc":{"start":{"line":100,"column":10},"end":{"line":100,"column":32}},"type":"binary-expr","locations":[{"start":{"line":100,"column":10},"end":{"line":100,"column":17}},{"start":{"line":100,"column":21},"end":{"line":100,"column":32}}]},"9":{"loc":{"start":{"line":106,"column":40},"end":{"line":106,"column":61}},"type":"default-arg","locations":[{"start":{"line":106,"column":51},"end":{"line":106,"column":61}}]},"10":{"loc":{"start":{"line":124,"column":10},"end":{"line":124,"column":32}},"type":"binary-expr","locations":[{"start":{"line":124,"column":10},"end":{"line":124,"column":17}},{"start":{"line":124,"column":21},"end":{"line":124,"column":32}}]},"11":{"loc":{"start":{"line":132,"column":4},"end":{"line":132,"column":26}},"type":"default-arg","locations":[{"start":{"line":132,"column":12},"end":{"line":132,"column":26}}]},"12":{"loc":{"start":{"line":138,"column":15},"end":{"line":138,"column":68}},"type":"binary-expr","locations":[{"start":{"line":138,"column":15},"end":{"line":138,"column":22}},{"start":{"line":138,"column":26},"end":{"line":138,"column":68}}]},"13":{"loc":{"start":{"line":152,"column":15},"end":{"line":152,"column":45}},"type":"binary-expr","locations":[{"start":{"line":152,"column":15},"end":{"line":152,"column":22}},{"start":{"line":152,"column":26},"end":{"line":152,"column":45}}]},"14":{"loc":{"start":{"line":160,"column":4},"end":{"line":160,"column":35}},"type":"default-arg","locations":[{"start":{"line":160,"column":12},"end":{"line":160,"column":35}}]}},"s":{"0":2,"1":2,"2":2,"3":2,"4":5,"5":5,"6":4,"7":4,"8":5,"9":5,"10":10,"11":10,"12":4,"13":4,"14":5,"15":5,"16":8,"17":8,"18":13,"19":13,"20":1,"21":1,"22":11,"23":11},"f":{"0":2,"1":2,"2":5,"3":4,"4":5,"5":10,"6":4,"7":5,"8":8,"9":13,"10":1,"11":11},"b":{"0":[2,1],"1":[1],"2":[2,0],"3":[1],"4":[0],"5":[1],"6":[10,9],"7":[10,9],"8":[4,4],"9":[1],"10":[8,1],"11":[1],"12":[13,2],"13":[1,1],"14":[1]}}
}
