TN:
SF:src/config/env.ts
FN:3,isNonEmptyString
FN:7,requireEnv
FN:15,requireHttpUrlEnv
FN:47,getGoogleOAuthEnv
FN:65,getFrontendUrl
FNF:5
FNH:0
FNDA:0,isNonEmptyString
FNDA:0,requireEnv
FNDA:0,requireHttpUrlEnv
FNDA:0,getGoogleOAuthEnv
FNDA:0,getFrontendUrl
DA:4,0
DA:8,0
DA:9,0
DA:10,0
DA:12,0
DA:16,0
DA:18,0
DA:19,0
DA:21,0
DA:26,0
DA:27,0
DA:32,0
DA:41,0
DA:48,0
DA:50,0
DA:56,0
DA:59,0
DA:66,0
DA:67,0
DA:68,0
LF:20
LH:0
BRDA:4,0,0,0
BRDA:4,0,1,0
BRDA:9,1,0,0
BRDA:26,2,0,0
BRDA:26,3,0,0
BRDA:26,3,1,0
BRDA:48,4,0,0
BRDA:66,5,0,0
BRF:8
BRH:0
end_of_record
TN:
SF:src/config/loadEnv.ts
FN:13,loadEnv
FNF:1
FNH:0
FNDA:0,loadEnv
DA:4,0
DA:14,0
DA:15,0
DA:17,0
DA:18,0
DA:19,0
DA:20,0
LF:7
LH:0
BRDA:14,0,0,0
BRDA:19,1,0,0
BRF:2
BRH:0
end_of_record
TN:
SF:src/config/supabase.ts
FN:18,(anonymous_0)
FN:34,getAuthenticatedSupabase
FN:51,getSupabaseJwtSecret
FN:79,verifyAuthToken
FNF:4
FNH:0
FNDA:0,(anonymous_0)
FNDA:0,getAuthenticatedSupabase
FNDA:0,getSupabaseJwtSecret
FNDA:0,verifyAuthToken
DA:5,0
DA:8,0
DA:10,0
DA:11,0
DA:13,0
DA:14,0
DA:15,0
DA:16,0
DA:18,0
DA:20,0
DA:26,0
DA:29,0
DA:35,0
DA:36,0
DA:38,0
DA:52,0
DA:53,0
DA:54,0
DA:59,0
DA:80,0
DA:81,0
DA:84,0
DA:85,0
DA:88,0
DA:93,0
DA:94,0
DA:95,0
DA:99,0
DA:100,0
DA:101,0
DA:104,0
DA:110,0
DA:111,0
DA:112,0
DA:113,0
DA:114,0
DA:115,0
DA:117,0
LF:38
LH:0
BRDA:8,0,0,0
BRDA:8,0,1,0
BRDA:10,1,0,0
BRDA:10,1,1,0
BRDA:13,2,0,0
BRDA:13,3,0,0
BRDA:13,3,1,0
BRDA:29,4,0,0
BRDA:29,4,1,0
BRDA:35,5,0,0
BRDA:53,6,0,0
BRDA:80,7,0,0
BRDA:94,8,0,0
BRDA:100,9,0,0
BRDA:110,10,0,0
BRDA:110,10,1,0
BRDA:112,11,0,0
BRDA:112,11,1,0
BRDA:114,12,0,0
BRDA:114,12,1,0
BRF:20
BRH:0
end_of_record
TN:
SF:src/config/validateEnv.ts
FN:63,getEnvValue
FN:84,validateUrlFormat
FN:100,validateEnv
FN:156,(anonymous_3)
FN:157,(anonymous_4)
FN:161,(anonymous_5)
FN:162,(anonymous_6)
FN:183,(anonymous_7)
FN:197,validateEnvOrThrow
FN:203,(anonymous_9)
FN:210,(anonymous_10)
FNF:11
FNH:0
FNDA:0,getEnvValue
FNDA:0,validateUrlFormat
FNDA:0,validateEnv
FNDA:0,(anonymous_3)
FNDA:0,(anonymous_4)
FNDA:0,(anonymous_5)
FNDA:0,(anonymous_6)
FNDA:0,(anonymous_7)
FNDA:0,validateEnvOrThrow
FNDA:0,(anonymous_9)
FNDA:0,(anonymous_10)
DA:3,0
DA:14,0
DA:58,0
DA:64,0
DA:65,0
DA:66,0
DA:69,0
DA:70,0
DA:71,0
DA:72,0
DA:73,0
DA:78,0
DA:85,0
DA:86,0
DA:87,0
DA:88,0
DA:90,0
DA:92,0
DA:105,0
DA:106,0
DA:109,0
DA:110,0
DA:111,0
DA:116,0
DA:121,0
DA:122,0
DA:123,0
DA:128,0
DA:129,0
DA:130,0
DA:132,0
DA:133,0
DA:134,0
DA:135,0
DA:139,0
DA:140,0
DA:141,0
DA:145,0
DA:146,0
DA:147,0
DA:148,0
DA:154,0
DA:155,0
DA:156,0
DA:157,0
DA:159,0
DA:160,0
DA:161,0
DA:162,0
DA:163,0
DA:169,0
DA:170,0
DA:171,0
DA:172,0
DA:173,0
DA:174,0
DA:181,0
DA:182,0
DA:183,0
DA:186,0
DA:198,0
DA:201,0
DA:202,0
DA:203,0
DA:207,0
DA:208,0
DA:210,0
DA:214,0
DA:218,0
DA:219,0
DA:223,0
LF:71
LH:0
BRDA:65,0,0,0
BRDA:65,1,0,0
BRDA:65,1,1,0
BRDA:69,2,0,0
BRDA:72,3,0,0
BRDA:72,4,0,0
BRDA:72,4,1,0
BRDA:87,5,0,0
BRDA:87,6,0,0
BRDA:87,6,1,0
BRDA:110,7,0,0
BRDA:123,8,0,0
BRDA:123,8,1,0
BRDA:128,9,0,0
BRDA:129,10,0,0
BRDA:139,11,0,0
BRDA:139,12,0,0
BRDA:139,12,1,0
BRDA:145,13,0,0
BRDA:145,14,0,0
BRDA:145,14,1,0
BRDA:147,15,0,0
BRDA:159,16,0,0
BRDA:159,17,0,0
BRDA:159,17,1,0
BRDA:171,18,0,0
BRDA:171,19,0,0
BRDA:171,19,1,0
BRDA:173,20,0,0
BRDA:181,21,0,0
BRDA:201,22,0,0
BRDA:207,23,0,0
BRDA:218,24,0,0
BRF:33
BRH:0
end_of_record
TN:
SF:src/middleware/auth.ts
FN:15,authMiddleware
FNF:1
FNH:1
FNDA:40,authMiddleware
DA:20,40
DA:21,40
DA:23,40
DA:24,5
DA:31,35
DA:32,35
DA:34,35
DA:36,35
DA:40,31
DA:41,3
DA:45,3
DA:47,3
DA:48,2
DA:57,29
DA:61,29
DA:63,29
DA:65,4
LF:17
LH:17
BRDA:23,0,0,5
BRDA:23,1,0,40
BRDA:23,1,1,36
BRDA:40,2,0,3
BRDA:47,3,0,2
BRDA:47,4,0,3
BRDA:47,4,1,2
BRDA:47,4,2,2
BRDA:67,5,0,3
BRDA:67,5,1,1
BRF:10
BRH:10
end_of_record
TN:
SF:src/routes/calendarEvents.ts
FN:17,(anonymous_0)
FN:73,(anonymous_1)
FN:102,(anonymous_2)
FN:113,(anonymous_3)
FN:128,(anonymous_4)
FN:129,(anonymous_5)
FN:160,(anonymous_6)
FN:189,(anonymous_7)
FN:202,(anonymous_8)
FN:216,(anonymous_9)
FN:217,(anonymous_10)
FN:230,(anonymous_11)
FNF:12
FNH:0
FNDA:0,(anonymous_0)
FNDA:0,(anonymous_1)
FNDA:0,(anonymous_2)
FNDA:0,(anonymous_3)
FNDA:0,(anonymous_4)
FNDA:0,(anonymous_5)
FNDA:0,(anonymous_6)
FNDA:0,(anonymous_7)
FNDA:0,(anonymous_8)
FNDA:0,(anonymous_9)
FNDA:0,(anonymous_10)
FNDA:0,(anonymous_11)
DA:10,0
DA:11,0
DA:14,0
DA:17,0
DA:18,0
DA:19,0
DA:20,0
DA:21,0
DA:22,0
DA:25,0
DA:31,0
DA:32,0
DA:37,0
DA:38,0
DA:39,0
DA:44,0
DA:45,0
DA:50,0
DA:54,0
DA:61,0
DA:65,0
DA:73,0
DA:74,0
DA:75,0
DA:76,0
DA:77,0
DA:78,0
DA:83,0
DA:88,0
DA:89,0
DA:92,0
DA:94,0
DA:102,0
DA:103,0
DA:104,0
DA:105,0
DA:106,0
DA:109,0
DA:110,0
DA:113,0
DA:114,0
DA:117,0
DA:123,0
DA:128,0
DA:129,0
DA:135,0
DA:136,0
DA:141,0
DA:142,0
DA:145,0
DA:150,0
DA:155,0
DA:160,0
DA:161,0
DA:162,0
DA:163,0
DA:164,0
DA:165,0
DA:170,0
DA:171,0
DA:176,0
DA:179,0
DA:184,0
DA:189,0
DA:190,0
DA:191,0
DA:192,0
DA:194,0
DA:195,0
DA:202,0
DA:203,0
DA:206,0
DA:211,0
DA:216,0
DA:217,0
DA:222,0
DA:230,0
DA:231,0
DA:232,0
DA:233,0
DA:234,0
DA:235,0
DA:240,0
DA:241,0
DA:243,0
LF:85
LH:0
BRDA:25,0,0,0
BRDA:25,0,1,0
BRDA:26,1,0,0
BRDA:26,1,1,0
BRDA:26,1,2,0
BRDA:26,1,3,0
BRDA:37,2,0,0
BRDA:37,2,1,0
BRDA:37,3,0,0
BRDA:37,3,1,0
BRDA:67,4,0,0
BRDA:67,4,1,0
BRDA:77,5,0,0
BRDA:77,6,0,0
BRDA:77,6,1,0
BRDA:88,7,0,0
BRDA:96,8,0,0
BRDA:96,8,1,0
BRDA:109,9,0,0
BRDA:109,9,1,0
BRDA:150,10,0,0
BRDA:150,10,1,0
BRDA:150,11,0,0
BRDA:150,11,1,0
BRDA:152,12,0,0
BRDA:152,12,1,0
BRDA:164,13,0,0
BRDA:164,14,0,0
BRDA:164,14,1,0
BRDA:179,15,0,0
BRDA:179,15,1,0
BRDA:179,16,0,0
BRDA:179,16,1,0
BRDA:181,17,0,0
BRDA:181,17,1,0
BRDA:194,18,0,0
BRDA:194,19,0,0
BRDA:194,19,1,0
BRDA:202,20,0,0
BRDA:224,21,0,0
BRDA:224,21,1,0
BRDA:234,22,0,0
BRDA:234,23,0,0
BRDA:234,23,1,0
BRDA:245,24,0,0
BRDA:245,24,1,0
BRF:46
BRH:0
end_of_record
TN:
SF:src/routes/googleCalendar.ts
FN:9,getFrontendBaseUrlOrFail
FN:23,(anonymous_1)
FN:43,(anonymous_2)
FN:79,(anonymous_3)
FN:101,(anonymous_4)
FN:125,(anonymous_5)
FN:160,(anonymous_6)
FNF:7
FNH:0
FNDA:0,getFrontendBaseUrlOrFail
FNDA:0,(anonymous_1)
FNDA:0,(anonymous_2)
FNDA:0,(anonymous_3)
FNDA:0,(anonymous_4)
FNDA:0,(anonymous_5)
FNDA:0,(anonymous_6)
DA:6,0
DA:7,0
DA:10,0
DA:11,0
DA:13,0
DA:14,0
DA:18,0
DA:23,0
DA:24,0
DA:25,0
DA:27,0
DA:28,0
DA:31,0
DA:32,0
DA:34,0
DA:35,0
DA:43,0
DA:44,0
DA:45,0
DA:46,0
DA:47,0
DA:49,0
DA:50,0
DA:51,0
DA:56,0
DA:57,0
DA:62,0
DA:63,0
DA:68,0
DA:69,0
DA:73,0
DA:78,0
DA:79,0
DA:80,0
DA:81,0
DA:83,0
DA:87,0
DA:88,0
DA:93,0
DA:101,0
DA:102,0
DA:103,0
DA:105,0
DA:106,0
DA:109,0
DA:110,0
DA:116,0
DA:117,0
DA:125,0
DA:126,0
DA:127,0
DA:129,0
DA:130,0
DA:133,0
DA:135,0
DA:136,0
DA:145,0
DA:151,0
DA:152,0
DA:160,0
DA:161,0
DA:162,0
DA:164,0
DA:165,0
DA:168,0
DA:169,0
DA:175,0
DA:176,0
LF:68
LH:0
BRDA:16,0,0,0
BRDA:16,0,1,0
BRDA:27,1,0,0
BRDA:37,2,0,0
BRDA:37,2,1,0
BRDA:47,3,0,0
BRDA:49,4,0,0
BRDA:56,5,0,0
BRDA:56,6,0,0
BRDA:56,6,1,0
BRDA:68,7,0,0
BRDA:68,7,1,0
BRDA:74,8,0,0
BRDA:74,8,1,0
BRDA:87,9,0,0
BRDA:89,10,0,0
BRDA:89,10,1,0
BRDA:95,11,0,0
BRDA:95,11,1,0
BRDA:105,12,0,0
BRDA:119,13,0,0
BRDA:119,13,1,0
BRDA:129,14,0,0
BRDA:135,15,0,0
BRDA:135,15,1,0
BRDA:147,16,0,0
BRDA:147,16,1,0
BRDA:154,17,0,0
BRDA:154,17,1,0
BRDA:164,18,0,0
BRDA:178,19,0,0
BRDA:178,19,1,0
BRF:32
BRH:0
end_of_record
TN:
SF:src/routes/milestones.ts
FN:13,(anonymous_0)
FN:43,(anonymous_1)
FN:68,(anonymous_2)
FN:82,(anonymous_3)
FN:103,(anonymous_4)
FNF:5
FNH:5
FNDA:4,(anonymous_0)
FNDA:3,(anonymous_1)
FNDA:2,(anonymous_2)
FNDA:2,(anonymous_3)
FNDA:2,(anonymous_4)
DA:9,1
DA:10,1
DA:13,1
DA:14,4
DA:15,4
DA:18,4
DA:19,1
DA:20,3
DA:21,1
DA:25,2
DA:28,3
DA:35,1
DA:43,1
DA:44,3
DA:45,3
DA:46,3
DA:47,0
DA:52,3
DA:54,2
DA:55,1
DA:58,1
DA:60,1
DA:68,1
DA:69,2
DA:70,2
DA:71,2
DA:72,1
DA:74,1
DA:82,1
DA:83,2
DA:84,2
DA:85,2
DA:86,0
DA:91,2
DA:92,2
DA:93,1
DA:95,1
DA:103,1
DA:104,2
DA:105,2
DA:106,2
DA:107,0
DA:112,2
DA:113,1
DA:115,1
LF:45
LH:42
BRDA:18,0,0,1
BRDA:18,0,1,3
BRDA:18,1,0,4
BRDA:18,1,1,1
BRDA:20,2,0,1
BRDA:20,2,1,2
BRDA:20,3,0,3
BRDA:20,3,1,1
BRDA:37,4,0,1
BRDA:37,4,1,0
BRDA:46,5,0,0
BRDA:46,6,0,3
BRDA:46,6,1,3
BRDA:54,7,0,1
BRDA:62,8,0,1
BRDA:62,8,1,0
BRDA:76,9,0,1
BRDA:76,9,1,0
BRDA:85,10,0,0
BRDA:85,11,0,2
BRDA:85,11,1,2
BRDA:97,12,0,1
BRDA:97,12,1,0
BRDA:106,13,0,0
BRDA:106,14,0,2
BRDA:106,14,1,2
BRDA:117,15,0,1
BRDA:117,15,1,0
BRF:28
BRH:20
end_of_record
TN:
SF:src/routes/projects.ts
FN:17,(anonymous_0)
FN:48,(anonymous_1)
FN:77,(anonymous_2)
FN:95,(anonymous_3)
FN:121,(anonymous_4)
FNF:5
FNH:5
FNDA:3,(anonymous_0)
FNDA:3,(anonymous_1)
FNDA:2,(anonymous_2)
FNDA:2,(anonymous_3)
FNDA:2,(anonymous_4)
DA:10,1
DA:11,1
DA:14,1
DA:17,1
DA:18,3
DA:19,3
DA:20,3
DA:21,3
DA:24,3
DA:25,1
DA:30,2
DA:33,2
DA:40,1
DA:48,1
DA:49,3
DA:50,3
DA:51,3
DA:52,3
DA:53,0
DA:58,3
DA:63,2
DA:64,1
DA:67,1
DA:69,1
DA:77,1
DA:78,2
DA:79,2
DA:80,2
DA:81,2
DA:85,1
DA:87,1
DA:95,1
DA:96,2
DA:97,2
DA:98,2
DA:99,2
DA:100,0
DA:105,2
DA:106,2
DA:111,1
DA:113,1
DA:121,1
DA:122,2
DA:123,2
DA:124,2
DA:125,2
DA:126,0
DA:128,2
DA:129,1
DA:131,1
LF:50
LH:47
BRDA:24,0,0,1
BRDA:24,0,1,2
BRDA:24,1,0,3
BRDA:24,1,1,1
BRDA:42,2,0,1
BRDA:42,2,1,0
BRDA:52,3,0,0
BRDA:52,4,0,3
BRDA:52,4,1,3
BRDA:63,5,0,1
BRDA:71,6,0,1
BRDA:71,6,1,0
BRDA:89,7,0,1
BRDA:89,7,1,0
BRDA:99,8,0,0
BRDA:99,9,0,2
BRDA:99,9,1,2
BRDA:115,10,0,1
BRDA:115,10,1,0
BRDA:125,11,0,0
BRDA:125,12,0,2
BRDA:125,12,1,2
BRDA:133,13,0,1
BRDA:133,13,1,0
BRF:24
BRH:16
end_of_record
TN:
SF:src/routes/subscriptions.ts
FN:11,getClientKey
FN:15,isValidEmail
FN:19,(anonymous_2)
FNF:3
FNH:0
FNDA:0,getClientKey
FNDA:0,isValidEmail
FNDA:0,(anonymous_2)
DA:5,0
DA:7,0
DA:8,0
DA:9,0
DA:12,0
DA:16,0
DA:19,0
DA:20,0
DA:21,0
DA:23,0
DA:24,0
DA:27,0
DA:28,0
DA:29,0
DA:31,0
DA:32,0
DA:33,0
DA:40,0
DA:42,0
DA:45,0
DA:49,0
DA:50,0
DA:54,0
DA:55,0
DA:56,0
DA:57,0
DA:67,0
DA:73,0
DA:79,0
LF:29
LH:0
BRDA:12,0,0,0
BRDA:12,0,1,0
BRDA:21,1,0,0
BRDA:21,1,1,0
BRDA:23,2,0,0
BRDA:23,3,0,0
BRDA:23,3,1,0
BRDA:31,4,0,0
BRDA:31,4,1,0
BRDA:31,5,0,0
BRDA:31,5,1,0
BRDA:32,6,0,0
BRDA:49,7,0,0
BRDA:56,8,0,0
BRDA:81,9,0,0
BRDA:81,9,1,0
BRF:16
BRH:0
end_of_record
TN:
SF:src/routes/tasks.ts
FN:14,(anonymous_0)
FN:50,(anonymous_1)
FN:76,(anonymous_2)
FN:101,(anonymous_3)
FN:126,(anonymous_4)
FNF:5
FNH:5
FNDA:4,(anonymous_0)
FNDA:3,(anonymous_1)
FNDA:2,(anonymous_2)
FNDA:2,(anonymous_3)
FNDA:2,(anonymous_4)
DA:7,1
DA:8,1
DA:11,1
DA:14,1
DA:15,4
DA:16,4
DA:17,4
DA:18,4
DA:19,4
DA:20,0
DA:24,4
DA:25,1
DA:26,3
DA:27,1
DA:32,2
DA:35,3
DA:42,1
DA:50,1
DA:51,3
DA:52,3
DA:53,3
DA:54,3
DA:55,0
DA:60,3
DA:62,2
DA:63,1
DA:66,1
DA:68,1
DA:76,1
DA:77,2
DA:78,2
DA:79,2
DA:80,0
DA:82,2
DA:87,2
DA:88,2
DA:89,1
DA:90,1
DA:92,1
DA:93,1
DA:101,1
DA:102,2
DA:103,2
DA:104,2
DA:105,2
DA:106,0
DA:111,2
DA:115,2
DA:116,1
DA:118,1
DA:126,1
DA:127,2
DA:128,2
DA:129,2
DA:130,2
DA:131,0
DA:136,2
DA:137,1
DA:139,1
LF:59
LH:54
BRDA:19,0,0,0
BRDA:24,1,0,1
BRDA:24,1,1,3
BRDA:24,2,0,4
BRDA:24,2,1,1
BRDA:26,3,0,1
BRDA:26,3,1,2
BRDA:26,4,0,3
BRDA:26,4,1,1
BRDA:44,5,0,1
BRDA:44,5,1,0
BRDA:54,6,0,0
BRDA:54,7,0,3
BRDA:54,7,1,3
BRDA:62,8,0,1
BRDA:70,9,0,1
BRDA:70,9,1,0
BRDA:79,10,0,0
BRDA:95,11,0,1
BRDA:95,11,1,0
BRDA:105,12,0,0
BRDA:105,13,0,2
BRDA:105,13,1,2
BRDA:120,14,0,1
BRDA:120,14,1,0
BRDA:130,15,0,0
BRDA:130,16,0,2
BRDA:130,16,1,2
BRDA:141,17,0,1
BRDA:141,17,1,0
BRF:30
BRH:20
end_of_record
TN:
SF:src/routes/userSettings.ts
FN:20,(anonymous_0)
FN:41,(anonymous_1)
FN:63,(anonymous_2)
FN:85,(anonymous_3)
FN:114,(anonymous_4)
FN:141,(anonymous_5)
FN:162,(anonymous_6)
FN:184,(anonymous_7)
FN:204,(anonymous_8)
FN:225,(anonymous_9)
FN:262,(anonymous_10)
FNF:11
FNH:0
FNDA:0,(anonymous_0)
FNDA:0,(anonymous_1)
FNDA:0,(anonymous_2)
FNDA:0,(anonymous_3)
FNDA:0,(anonymous_4)
FNDA:0,(anonymous_5)
FNDA:0,(anonymous_6)
FNDA:0,(anonymous_7)
FNDA:0,(anonymous_8)
FNDA:0,(anonymous_9)
FNDA:0,(anonymous_10)
DA:13,0
DA:14,0
DA:17,0
DA:20,0
DA:21,0
DA:22,0
DA:23,0
DA:27,0
DA:33,0
DA:41,0
DA:42,0
DA:43,0
DA:44,0
DA:48,0
DA:55,0
DA:63,0
DA:64,0
DA:65,0
DA:66,0
DA:71,0
DA:75,0
DA:77,0
DA:85,0
DA:86,0
DA:87,0
DA:88,0
DA:89,0
DA:91,0
DA:92,0
DA:98,0
DA:104,0
DA:106,0
DA:114,0
DA:115,0
DA:116,0
DA:117,0
DA:119,0
DA:120,0
DA:126,0
DA:131,0
DA:133,0
DA:141,0
DA:142,0
DA:143,0
DA:144,0
DA:148,0
DA:154,0
DA:162,0
DA:163,0
DA:164,0
DA:165,0
DA:170,0
DA:174,0
DA:176,0
DA:184,0
DA:185,0
DA:186,0
DA:187,0
DA:189,0
DA:194,0
DA:196,0
DA:204,0
DA:205,0
DA:206,0
DA:207,0
DA:211,0
DA:217,0
DA:225,0
DA:226,0
DA:227,0
DA:228,0
DA:230,0
DA:237,0
DA:243,0
DA:248,0
DA:254,0
DA:262,0
DA:263,0
DA:264,0
DA:265,0
DA:269,0
DA:271,0
LF:82
LH:0
BRDA:35,0,0,0
BRDA:35,0,1,0
BRDA:57,1,0,0
BRDA:57,1,1,0
BRDA:79,2,0,0
BRDA:79,2,1,0
BRDA:91,3,0,0
BRDA:91,4,0,0
BRDA:91,4,1,0
BRDA:108,5,0,0
BRDA:108,5,1,0
BRDA:119,6,0,0
BRDA:119,7,0,0
BRDA:119,7,1,0
BRDA:135,8,0,0
BRDA:135,8,1,0
BRDA:156,9,0,0
BRDA:156,9,1,0
BRDA:178,10,0,0
BRDA:178,10,1,0
BRDA:198,11,0,0
BRDA:198,11,1,0
BRDA:219,12,0,0
BRDA:219,12,1,0
BRDA:230,13,0,0
BRDA:231,14,0,0
BRDA:231,14,1,0
BRDA:231,14,2,0
BRDA:231,14,3,0
BRDA:231,14,4,0
BRDA:256,15,0,0
BRDA:256,15,1,0
BRDA:273,16,0,0
BRDA:273,16,1,0
BRF:34
BRH:0
end_of_record
TN:
SF:src/services/calendarEventService.ts
FN:18,(anonymous_0)
FN:35,(anonymous_1)
FN:39,(anonymous_2)
FN:50,(anonymous_3)
FN:89,(anonymous_4)
FN:137,(anonymous_5)
FN:156,(anonymous_6)
FN:215,(anonymous_7)
FN:303,(anonymous_8)
FN:344,(anonymous_9)
FN:376,(anonymous_10)
FN:387,(anonymous_11)
FN:388,(anonymous_12)
FN:390,(anonymous_13)
FN:408,(anonymous_14)
FN:537,(anonymous_15)
FN:556,(anonymous_16)
FN:580,(anonymous_17)
FN:726,(anonymous_18)
FN:764,(anonymous_19)
FN:820,(anonymous_20)
FN:828,(anonymous_21)
FN:840,(anonymous_22)
FN:866,(anonymous_23)
FN:878,(anonymous_24)
FN:900,(anonymous_25)
FN:930,(anonymous_26)
FN:941,(anonymous_27)
FN:950,(anonymous_28)
FN:989,(anonymous_29)
FN:1012,(anonymous_30)
FNF:31
FNH:0
FNDA:0,(anonymous_0)
FNDA:0,(anonymous_1)
FNDA:0,(anonymous_2)
FNDA:0,(anonymous_3)
FNDA:0,(anonymous_4)
FNDA:0,(anonymous_5)
FNDA:0,(anonymous_6)
FNDA:0,(anonymous_7)
FNDA:0,(anonymous_8)
FNDA:0,(anonymous_9)
FNDA:0,(anonymous_10)
FNDA:0,(anonymous_11)
FNDA:0,(anonymous_12)
FNDA:0,(anonymous_13)
FNDA:0,(anonymous_14)
FNDA:0,(anonymous_15)
FNDA:0,(anonymous_16)
FNDA:0,(anonymous_17)
FNDA:0,(anonymous_18)
FNDA:0,(anonymous_19)
FNDA:0,(anonymous_20)
FNDA:0,(anonymous_21)
FNDA:0,(anonymous_22)
FNDA:0,(anonymous_23)
FNDA:0,(anonymous_24)
FNDA:0,(anonymous_25)
FNDA:0,(anonymous_26)
FNDA:0,(anonymous_27)
FNDA:0,(anonymous_28)
FNDA:0,(anonymous_29)
FNDA:0,(anonymous_30)
DA:18,0
DA:21,0
DA:22,0
DA:25,0
DA:26,0
DA:29,0
DA:36,0
DA:44,0
DA:45,0
DA:46,0
DA:47,0
DA:55,0
DA:56,0
DA:57,0
DA:58,0
DA:61,0
DA:64,0
DA:65,0
DA:68,0
DA:69,0
DA:71,0
DA:74,0
DA:78,0
DA:82,0
DA:97,0
DA:98,0
DA:101,0
DA:110,0
DA:111,0
DA:115,0
DA:116,0
DA:117,0
DA:124,0
DA:125,0
DA:127,0
DA:129,0
DA:130,0
DA:131,0
DA:134,0
DA:135,0
DA:137,0
DA:147,0
DA:172,0
DA:182,0
DA:187,0
DA:189,0
DA:190,0
DA:192,0
DA:193,0
DA:198,0
DA:202,0
DA:203,0
DA:208,0
DA:211,0
DA:215,0
DA:226,0
DA:238,0
DA:239,0
DA:241,0
DA:242,0
DA:245,0
DA:249,0
DA:250,0
DA:251,0
DA:255,0
DA:258,0
DA:263,0
DA:264,0
DA:271,0
DA:272,0
DA:278,0
DA:280,0
DA:281,0
DA:282,0
DA:284,0
DA:285,0
DA:287,0
DA:292,0
DA:297,0
DA:299,0
DA:304,0
DA:314,0
DA:315,0
DA:322,0
DA:334,0
DA:336,0
DA:344,0
DA:345,0
DA:346,0
DA:356,0
DA:357,0
DA:362,0
DA:363,0
DA:373,0
DA:376,0
DA:379,0
DA:380,0
DA:382,0
DA:387,0
DA:388,0
DA:390,0
DA:398,0
DA:400,0
DA:404,0
DA:413,0
DA:419,0
DA:420,0
DA:422,0
DA:441,0
DA:443,0
DA:448,0
DA:449,0
DA:452,0
DA:472,0
DA:484,0
DA:485,0
DA:487,0
DA:488,0
DA:491,0
DA:493,0
DA:496,0
DA:502,0
DA:503,0
DA:510,0
DA:513,0
DA:518,0
DA:519,0
DA:524,0
DA:525,0
DA:533,0
DA:540,0
DA:543,0
DA:548,0
DA:549,0
DA:552,0
DA:560,0
DA:563,0
DA:569,0
DA:570,0
DA:571,0
DA:573,0
DA:576,0
DA:585,0
DA:591,0
DA:592,0
DA:593,0
DA:597,0
DA:598,0
DA:602,0
DA:604,0
DA:606,0
DA:607,0
DA:610,0
DA:630,0
DA:634,0
DA:635,0
DA:636,0
DA:637,0
DA:638,0
DA:639,0
DA:640,0
DA:641,0
DA:642,0
DA:643,0
DA:644,0
DA:645,0
DA:648,0
DA:653,0
DA:659,0
DA:661,0
DA:662,0
DA:664,0
DA:665,0
DA:671,0
DA:672,0
DA:678,0
DA:679,0
DA:684,0
DA:685,0
DA:686,0
DA:687,0
DA:689,0
DA:692,0
DA:699,0
DA:700,0
DA:703,0
DA:705,0
DA:707,0
DA:708,0
DA:713,0
DA:714,0
DA:722,0
DA:727,0
DA:729,0
DA:730,0
DA:735,0
DA:736,0
DA:744,0
DA:747,0
DA:752,0
DA:753,0
DA:756,0
DA:774,0
DA:775,0
DA:779,0
DA:780,0
DA:782,0
DA:794,0
DA:796,0
DA:801,0
DA:802,0
DA:804,0
DA:807,0
DA:808,0
DA:813,0
DA:814,0
DA:820,0
DA:827,0
DA:828,0
DA:829,0
DA:830,0
DA:835,0
DA:836,0
DA:840,0
DA:848,0
DA:849,0
DA:850,0
DA:855,0
DA:860,0
DA:861,0
DA:867,0
DA:878,0
DA:883,0
DA:884,0
DA:888,0
DA:893,0
DA:894,0
DA:900,0
DA:908,0
DA:909,0
DA:911,0
DA:923,0
DA:925,0
DA:930,0
DA:936,0
DA:937,0
DA:941,0
DA:955,0
DA:960,0
DA:963,0
DA:970,0
DA:971,0
DA:976,0
DA:981,0
DA:985,0
DA:993,0
DA:996,0
DA:1002,0
DA:1003,0
DA:1008,0
DA:1017,0
DA:1020,0
DA:1027,0
DA:1028,0
DA:1029,0
DA:1031,0
DA:1036,0
LF:267
LH:0
BRDA:21,0,0,0
BRDA:21,1,0,0
BRDA:21,1,1,0
BRDA:25,2,0,0
BRDA:44,3,0,0
BRDA:44,3,1,0
BRDA:45,4,0,0
BRDA:45,4,1,0
BRDA:57,5,0,0
BRDA:64,6,0,0
BRDA:64,6,1,0
BRDA:65,7,0,0
BRDA:65,7,1,0
BRDA:68,8,0,0
BRDA:68,8,1,0
BRDA:79,9,0,0
BRDA:79,9,1,0
BRDA:95,10,0,0
BRDA:97,11,0,0
BRDA:110,12,0,0
BRDA:115,13,0,0
BRDA:115,14,0,0
BRDA:115,14,1,0
BRDA:129,15,0,0
BRDA:134,16,0,0
BRDA:134,17,0,0
BRDA:134,17,1,0
BRDA:192,18,0,0
BRDA:202,19,0,0
BRDA:230,20,0,0
BRDA:230,20,1,0
BRDA:231,21,0,0
BRDA:231,21,1,0
BRDA:233,22,0,0
BRDA:233,22,1,0
BRDA:238,23,0,0
BRDA:239,24,0,0
BRDA:239,24,1,0
BRDA:241,25,0,0
BRDA:249,26,0,0
BRDA:255,27,0,0
BRDA:255,27,1,0
BRDA:263,28,0,0
BRDA:263,28,1,0
BRDA:278,29,0,0
BRDA:282,30,0,0
BRDA:287,31,0,0
BRDA:288,32,0,0
BRDA:288,32,1,0
BRDA:288,32,2,0
BRDA:297,33,0,0
BRDA:345,34,0,0
BRDA:356,35,0,0
BRDA:356,35,1,0
BRDA:390,36,0,0
BRDA:390,36,1,0
BRDA:448,37,0,0
BRDA:449,38,0,0
BRDA:449,38,1,0
BRDA:476,39,0,0
BRDA:476,39,1,0
BRDA:477,40,0,0
BRDA:477,40,1,0
BRDA:479,41,0,0
BRDA:479,41,1,0
BRDA:484,42,0,0
BRDA:485,43,0,0
BRDA:485,43,1,0
BRDA:487,44,0,0
BRDA:493,45,0,0
BRDA:493,45,1,0
BRDA:502,46,0,0
BRDA:518,47,0,0
BRDA:518,48,0,0
BRDA:518,48,1,0
BRDA:524,49,0,0
BRDA:540,50,0,0
BRDA:540,50,1,0
BRDA:548,51,0,0
BRDA:552,52,0,0
BRDA:552,52,1,0
BRDA:560,53,0,0
BRDA:560,53,1,0
BRDA:569,54,0,0
BRDA:570,55,0,0
BRDA:592,56,0,0
BRDA:597,57,0,0
BRDA:597,57,1,0
BRDA:598,58,0,0
BRDA:598,58,1,0
BRDA:602,59,0,0
BRDA:602,59,1,0
BRDA:604,60,0,0
BRDA:604,60,1,0
BRDA:606,61,0,0
BRDA:606,62,0,0
BRDA:606,62,1,0
BRDA:607,63,0,0
BRDA:607,63,1,0
BRDA:634,64,0,0
BRDA:635,65,0,0
BRDA:637,66,0,0
BRDA:638,67,0,0
BRDA:640,68,0,0
BRDA:642,69,0,0
BRDA:643,70,0,0
BRDA:643,70,1,0
BRDA:644,71,0,0
BRDA:648,72,0,0
BRDA:648,72,1,0
BRDA:650,73,0,0
BRDA:650,73,1,0
BRDA:659,74,0,0
BRDA:659,74,1,0
BRDA:662,75,0,0
BRDA:662,75,1,0
BRDA:686,76,0,0
BRDA:686,76,1,0
BRDA:687,77,0,0
BRDA:687,77,1,0
BRDA:689,78,0,0
BRDA:689,78,1,0
BRDA:699,79,0,0
BRDA:703,80,0,0
BRDA:703,81,0,0
BRDA:703,81,1,0
BRDA:703,81,2,0
BRDA:705,82,0,0
BRDA:705,82,1,0
BRDA:707,83,0,0
BRDA:707,83,1,0
BRDA:713,84,0,0
BRDA:729,85,0,0
BRDA:729,86,0,0
BRDA:729,86,1,0
BRDA:735,87,0,0
BRDA:744,88,0,0
BRDA:744,88,1,0
BRDA:752,89,0,0
BRDA:774,90,0,0
BRDA:804,91,0,0
BRDA:804,91,1,0
BRDA:813,92,0,0
BRDA:827,93,0,0
BRDA:835,94,0,0
BRDA:835,94,1,0
BRDA:850,95,0,0
BRDA:851,96,0,0
BRDA:851,96,1,0
BRDA:851,96,2,0
BRDA:860,97,0,0
BRDA:893,98,0,0
BRDA:936,99,0,0
BRDA:936,99,1,0
BRDA:960,100,0,0
BRDA:960,100,1,0
BRDA:970,101,0,0
BRDA:982,102,0,0
BRDA:982,102,1,0
BRDA:985,103,0,0
BRDA:985,103,1,0
BRDA:993,104,0,0
BRDA:993,104,1,0
BRDA:1002,105,0,0
BRDA:1008,106,0,0
BRDA:1008,106,1,0
BRDA:1017,107,0,0
BRDA:1017,107,1,0
BRDA:1027,108,0,0
BRDA:1028,109,0,0
BRF:170
BRH:0
end_of_record
TN:
SF:src/services/googleCalendarService.ts
FN:7,getOAuthConfigOrThrow
FN:34,(anonymous_1)
FN:41,(anonymous_2)
FN:63,(anonymous_3)
FN:122,(anonymous_4)
FN:142,(anonymous_5)
FN:193,(anonymous_6)
FN:213,(anonymous_7)
FN:227,(anonymous_8)
FN:237,(anonymous_9)
FN:245,(anonymous_10)
FN:333,(anonymous_11)
FN:449,(anonymous_12)
FN:463,(anonymous_13)
FN:471,(anonymous_14)
FNF:15
FNH:0
FNDA:0,getOAuthConfigOrThrow
FNDA:0,(anonymous_1)
FNDA:0,(anonymous_2)
FNDA:0,(anonymous_3)
FNDA:0,(anonymous_4)
FNDA:0,(anonymous_5)
FNDA:0,(anonymous_6)
FNDA:0,(anonymous_7)
FNDA:0,(anonymous_8)
FNDA:0,(anonymous_9)
FNDA:0,(anonymous_10)
FNDA:0,(anonymous_11)
FNDA:0,(anonymous_12)
FNDA:0,(anonymous_13)
FNDA:0,(anonymous_14)
DA:8,0
DA:10,0
DA:13,0
DA:29,0
DA:35,0
DA:42,0
DA:44,0
DA:50,0
DA:57,0
DA:67,0
DA:69,0
DA:70,0
DA:76,0
DA:78,0
DA:79,0
DA:82,0
DA:87,0
DA:103,0
DA:104,0
DA:105,0
DA:108,0
DA:110,0
DA:111,0
DA:123,0
DA:129,0
DA:130,0
DA:131,0
DA:133,0
DA:136,0
DA:143,0
DA:145,0
DA:146,0
DA:147,0
DA:150,0
DA:156,0
DA:160,0
DA:162,0
DA:163,0
DA:166,0
DA:171,0
DA:183,0
DA:184,0
DA:187,0
DA:194,0
DA:195,0
DA:196,0
DA:199,0
DA:200,0
DA:203,0
DA:204,0
DA:207,0
DA:218,0
DA:219,0
DA:220,0
DA:223,0
DA:226,0
DA:228,0
DA:229,0
DA:238,0
DA:241,0
DA:242,0
DA:250,0
DA:251,0
DA:252,0
DA:253,0
DA:254,0
DA:255,0
DA:258,0
DA:264,0
DA:269,0
DA:272,0
DA:273,0
DA:274,0
DA:275,0
DA:277,0
DA:286,0
DA:287,0
DA:288,0
DA:290,0
DA:291,0
DA:292,0
DA:293,0
DA:297,0
DA:298,0
DA:300,0
DA:301,0
DA:306,0
DA:319,0
DA:328,0
DA:329,0
DA:332,0
DA:333,0
DA:336,0
DA:337,0
DA:338,0
DA:339,0
DA:342,0
DA:349,0
DA:358,0
DA:364,0
DA:370,0
DA:376,0
DA:382,0
DA:383,0
DA:384,0
DA:394,0
DA:399,0
DA:400,0
DA:402,0
DA:403,0
DA:405,0
DA:411,0
DA:414,0
DA:417,0
DA:420,0
DA:421,0
DA:429,0
DA:436,0
DA:438,0
DA:450,0
DA:455,0
DA:456,0
DA:464,0
DA:465,0
DA:475,0
DA:476,0
LF:126
LH:0
BRDA:78,0,0,0
BRDA:78,1,0,0
BRDA:78,1,1,0
BRDA:82,2,0,0
BRDA:82,2,1,0
BRDA:103,3,0,0
BRDA:114,4,0,0
BRDA:114,4,1,0
BRDA:129,5,0,0
BRDA:130,6,0,0
BRDA:146,7,0,0
BRDA:162,8,0,0
BRDA:166,9,0,0
BRDA:166,9,1,0
BRDA:177,10,0,0
BRDA:177,10,1,0
BRDA:183,11,0,0
BRDA:195,12,0,0
BRDA:203,13,0,0
BRDA:219,14,0,0
BRDA:233,15,0,0
BRDA:233,15,1,0
BRDA:254,16,0,0
BRDA:278,17,0,0
BRDA:278,17,1,0
BRDA:286,18,0,0
BRDA:286,18,1,0
BRDA:292,19,0,0
BRDA:292,20,0,0
BRDA:292,20,1,0
BRDA:292,20,2,0
BRDA:297,21,0,0
BRDA:297,21,1,0
BRDA:298,22,0,0
BRDA:298,22,1,0
BRDA:300,23,0,0
BRDA:300,24,0,0
BRDA:300,24,1,0
BRDA:320,25,0,0
BRDA:320,25,1,0
BRDA:328,26,0,0
BRDA:332,27,0,0
BRDA:332,27,1,0
BRDA:336,28,0,0
BRDA:338,29,0,0
BRDA:358,30,0,0
BRDA:358,30,1,0
BRDA:364,31,0,0
BRDA:364,31,1,0
BRDA:370,32,0,0
BRDA:370,32,1,0
BRDA:376,33,0,0
BRDA:376,33,1,0
BRDA:376,33,2,0
BRDA:376,33,3,0
BRDA:376,33,4,0
BRDA:382,34,0,0
BRDA:399,35,0,0
BRDA:402,36,0,0
BRDA:417,37,0,0
BRDA:417,37,1,0
BRDA:441,38,0,0
BRDA:441,38,1,0
BRDA:455,39,0,0
BRDA:478,40,0,0
BRDA:478,40,1,0
BRF:66
BRH:0
end_of_record
TN:
SF:src/services/milestoneService.ts
FN:10,(anonymous_0)
FN:34,(anonymous_1)
FN:48,(anonymous_2)
FN:66,(anonymous_3)
FN:105,(anonymous_4)
FN:116,(anonymous_5)
FN:133,(anonymous_6)
FNF:7
FNH:7
FNDA:3,(anonymous_0)
FNDA:3,(anonymous_1)
FNDA:3,(anonymous_2)
FNDA:2,(anonymous_3)
FNDA:2,(anonymous_4)
FNDA:3,(anonymous_5)
FNDA:3,(anonymous_6)
DA:11,3
DA:26,3
DA:27,1
DA:30,2
DA:35,3
DA:40,3
DA:41,1
DA:44,2
DA:49,3
DA:55,3
DA:56,2
DA:57,1
DA:59,1
DA:62,1
DA:77,2
DA:81,2
DA:82,2
DA:83,0
DA:84,2
DA:85,0
DA:86,2
DA:87,2
DA:88,0
DA:90,2
DA:97,2
DA:98,1
DA:101,1
DA:106,2
DA:108,2
DA:109,1
DA:112,1
DA:117,3
DA:123,3
DA:124,1
DA:129,2
DA:136,3
DA:142,3
DA:143,1
DA:146,2
LF:39
LH:36
BRDA:18,0,0,3
BRDA:18,0,1,2
BRDA:26,1,0,1
BRDA:40,2,0,1
BRDA:44,3,0,2
BRDA:44,3,1,1
BRDA:55,4,0,2
BRDA:56,5,0,1
BRDA:81,6,0,2
BRDA:82,7,0,0
BRDA:84,8,0,0
BRDA:85,9,0,0
BRDA:85,9,1,0
BRDA:86,10,0,0
BRDA:87,11,0,0
BRDA:97,12,0,1
BRDA:108,13,0,1
BRDA:123,14,0,1
BRDA:129,15,0,2
BRDA:129,15,1,1
BRDA:142,16,0,1
BRDA:146,17,0,2
BRDA:146,17,1,1
BRF:23
BRH:17
end_of_record
TN:
SF:src/services/projectService.ts
FN:13,normalizeToMidnight
FN:22,(anonymous_1)
FN:48,(anonymous_2)
FN:64,(anonymous_3)
FN:85,(anonymous_4)
FN:124,(anonymous_5)
FN:138,(anonymous_6)
FNF:7
FNH:7
FNDA:1,normalizeToMidnight
FNDA:4,(anonymous_1)
FNDA:3,(anonymous_2)
FNDA:3,(anonymous_3)
FNDA:3,(anonymous_4)
FNDA:2,(anonymous_5)
FNDA:3,(anonymous_6)
DA:14,1
DA:15,1
DA:16,1
DA:17,1
DA:26,4
DA:40,4
DA:41,1
DA:44,3
DA:51,3
DA:56,3
DA:57,1
DA:60,2
DA:68,3
DA:74,3
DA:75,2
DA:76,1
DA:78,1
DA:81,1
DA:96,3
DA:100,3
DA:101,3
DA:102,1
DA:103,3
DA:104,0
DA:107,3
DA:109,3
DA:116,3
DA:117,1
DA:120,2
DA:128,2
DA:130,2
DA:131,1
DA:134,1
DA:142,3
DA:148,3
DA:149,1
DA:152,2
LF:37
LH:36
BRDA:14,0,0,0
BRDA:14,0,1,1
BRDA:24,1,0,0
BRDA:32,2,0,1
BRDA:32,2,1,3
BRDA:33,3,0,4
BRDA:33,3,1,3
BRDA:40,4,0,1
BRDA:49,5,0,0
BRDA:56,6,0,1
BRDA:60,7,0,2
BRDA:60,7,1,1
BRDA:66,8,0,0
BRDA:74,9,0,2
BRDA:75,10,0,1
BRDA:88,11,0,0
BRDA:100,12,0,2
BRDA:101,13,0,1
BRDA:103,14,0,0
BRDA:104,15,0,0
BRDA:104,15,1,0
BRDA:107,16,0,1
BRDA:116,17,0,1
BRDA:126,18,0,0
BRDA:130,19,0,1
BRDA:140,20,0,0
BRDA:148,21,0,1
BRDA:152,22,0,2
BRDA:152,22,1,1
BRF:29
BRH:19
end_of_record
TN:
SF:src/services/syncScheduler.ts
FN:11,(anonymous_0)
FN:18,(anonymous_1)
FN:25,(anonymous_2)
FN:33,(anonymous_3)
FN:44,(anonymous_4)
FN:66,(anonymous_5)
FN:96,(anonymous_6)
FN:99,(anonymous_7)
FNF:8
FNH:0
FNDA:0,(anonymous_0)
FNDA:0,(anonymous_1)
FNDA:0,(anonymous_2)
FNDA:0,(anonymous_3)
FNDA:0,(anonymous_4)
FNDA:0,(anonymous_5)
FNDA:0,(anonymous_6)
FNDA:0,(anonymous_7)
DA:5,0
DA:9,0
DA:12,0
DA:19,0
DA:20,0
DA:21,0
DA:24,0
DA:25,0
DA:26,0
DA:34,0
DA:35,0
DA:36,0
DA:37,0
DA:45,0
DA:46,0
DA:49,0
DA:53,0
DA:54,0
DA:55,0
DA:58,0
DA:59,0
DA:60,0
DA:63,0
DA:65,0
DA:67,0
DA:69,0
DA:72,0
DA:79,0
DA:83,0
DA:95,0
DA:96,0
DA:98,0
DA:99,0
DA:100,0
DA:101,0
DA:103,0
DA:106,0
DA:110,0
LF:38
LH:0
BRDA:19,0,0,0
BRDA:34,1,0,0
BRDA:53,2,0,0
BRDA:58,3,0,0
BRDA:58,4,0,0
BRDA:58,4,1,0
BRDA:88,5,0,0
BRDA:88,5,1,0
BRDA:96,6,0,0
BRDA:96,6,1,0
BRDA:100,7,0,0
BRF:11
BRH:0
end_of_record
TN:
SF:src/services/taskService.ts
FN:12,normalizeToMidnight
FN:20,(anonymous_1)
FN:46,(anonymous_2)
FN:95,(anonymous_3)
FN:112,(anonymous_4)
FN:133,(anonymous_5)
FN:233,(anonymous_6)
FN:247,(anonymous_7)
FN:268,(anonymous_8)
FNF:9
FNH:8
FNDA:0,normalizeToMidnight
FNDA:7,(anonymous_1)
FNDA:5,(anonymous_2)
FNDA:3,(anonymous_3)
FNDA:6,(anonymous_4)
FNDA:3,(anonymous_5)
FNDA:2,(anonymous_6)
FNDA:3,(anonymous_7)
FNDA:2,(anonymous_8)
DA:13,0
DA:14,0
DA:15,0
DA:16,0
DA:24,7
DA:25,7
DA:27,7
DA:28,7
DA:30,7
DA:31,5
DA:34,2
DA:35,0
DA:38,2
DA:39,1
DA:42,1
DA:47,5
DA:48,5
DA:49,5
DA:50,5
DA:55,5
DA:59,5
DA:60,5
DA:61,0
DA:64,5
DA:67,5
DA:87,5
DA:88,1
DA:91,4
DA:96,3
DA:99,3
DA:104,3
DA:105,1
DA:108,2
DA:113,6
DA:116,6
DA:122,6
DA:123,3
DA:124,2
DA:126,1
DA:129,3
DA:138,3
DA:140,3
DA:141,1
DA:156,2
DA:160,2
DA:161,2
DA:162,0
DA:163,2
DA:165,0
DA:166,0
DA:168,0
DA:171,2
DA:172,2
DA:173,0
DA:174,2
DA:175,2
DA:176,0
DA:179,2
DA:180,2
DA:182,2
DA:183,0
DA:187,2
DA:190,2
DA:195,2
DA:196,2
DA:201,2
DA:204,2
DA:211,2
DA:212,0
DA:216,2
DA:217,2
DA:222,2
DA:223,0
DA:229,2
DA:234,2
DA:237,2
DA:239,2
DA:240,1
DA:243,1
DA:251,3
DA:254,3
DA:260,3
DA:261,1
DA:264,2
DA:272,2
DA:275,2
DA:281,2
DA:282,1
DA:285,1
LF:89
LH:74
BRDA:13,0,0,0
BRDA:13,0,1,0
BRDA:24,1,0,7
BRDA:24,1,1,0
BRDA:25,2,0,7
BRDA:25,2,1,0
BRDA:27,3,0,0
BRDA:27,3,1,7
BRDA:28,4,0,0
BRDA:28,4,1,7
BRDA:30,5,0,5
BRDA:34,6,0,0
BRDA:38,7,0,1
BRDA:48,8,0,1
BRDA:48,8,1,4
BRDA:49,9,0,5
BRDA:49,9,1,3
BRDA:60,10,0,0
BRDA:60,11,0,5
BRDA:60,11,1,5
BRDA:64,12,0,5
BRDA:64,12,1,0
BRDA:76,13,0,5
BRDA:76,13,1,5
BRDA:77,14,0,5
BRDA:77,14,1,5
BRDA:87,15,0,1
BRDA:96,16,0,1
BRDA:96,16,1,2
BRDA:104,17,0,1
BRDA:108,18,0,2
BRDA:108,18,1,1
BRDA:113,19,0,4
BRDA:113,19,1,2
BRDA:122,20,0,3
BRDA:123,21,0,2
BRDA:140,22,0,1
BRDA:160,23,0,2
BRDA:161,24,0,0
BRDA:163,25,0,0
BRDA:165,26,0,0
BRDA:165,26,1,0
BRDA:171,27,0,0
BRDA:172,28,0,0
BRDA:174,29,0,0
BRDA:175,30,0,0
BRDA:179,31,0,2
BRDA:179,31,1,2
BRDA:180,32,0,0
BRDA:180,32,1,2
BRDA:182,33,0,0
BRDA:187,34,0,2
BRDA:187,34,1,2
BRDA:187,34,2,0
BRDA:201,35,0,2
BRDA:201,35,1,0
BRDA:211,36,0,0
BRDA:216,37,0,2
BRDA:216,38,0,2
BRDA:216,38,1,2
BRDA:222,39,0,0
BRDA:234,40,0,1
BRDA:234,40,1,1
BRDA:239,41,0,1
BRDA:251,42,0,1
BRDA:251,42,1,2
BRDA:260,43,0,1
BRDA:264,44,0,2
BRDA:264,44,1,1
BRDA:272,45,0,1
BRDA:272,45,1,1
BRDA:281,46,0,1
BRDA:285,47,0,1
BRDA:285,47,1,0
BRF:74
BRH:50
end_of_record
TN:
SF:src/services/userSettingsService.ts
FN:17,(anonymous_0)
FN:85,(anonymous_1)
FN:98,(anonymous_2)
FN:106,(anonymous_3)
FN:137,(anonymous_4)
FN:169,(anonymous_5)
FN:213,(anonymous_6)
FN:241,(anonymous_7)
FN:272,(anonymous_8)
FN:299,(anonymous_9)
FN:378,(anonymous_10)
FN:431,(anonymous_11)
FN:454,(anonymous_12)
FNF:13
FNH:9
FNDA:3,(anonymous_0)
FNDA:2,(anonymous_1)
FNDA:2,(anonymous_2)
FNDA:2,(anonymous_3)
FNDA:2,(anonymous_4)
FNDA:3,(anonymous_5)
FNDA:3,(anonymous_6)
FNDA:2,(anonymous_7)
FNDA:0,(anonymous_8)
FNDA:3,(anonymous_9)
FNDA:0,(anonymous_10)
FNDA:0,(anonymous_11)
FNDA:0,(anonymous_12)
DA:21,3
DA:23,3
DA:29,3
DA:32,3
DA:33,1
DA:40,1
DA:41,1
DA:50,3
DA:51,2
DA:58,2
DA:59,1
DA:68,3
DA:69,1
DA:81,2
DA:86,2
DA:87,2
DA:94,2
DA:95,1
DA:98,2
DA:110,2
DA:111,2
DA:125,2
DA:126,1
DA:129,1
DA:143,2
DA:144,2
DA:157,2
DA:158,1
DA:161,1
DA:174,3
DA:177,3
DA:183,3
DA:184,1
DA:190,2
DA:195,2
DA:196,1
DA:201,1
DA:207,1
DA:208,0
DA:217,3
DA:218,3
DA:224,3
DA:225,2
DA:226,1
DA:228,1
DA:231,1
DA:245,2
DA:246,2
DA:260,2
DA:261,1
DA:264,1
DA:277,0
DA:278,0
DA:287,0
DA:288,0
DA:291,0
DA:303,3
DA:304,3
DA:312,3
DA:313,2
DA:315,1
DA:316,1
DA:330,1
DA:332,0
DA:333,0
DA:341,1
DA:353,0
DA:354,0
DA:362,1
DA:365,1
DA:384,0
DA:389,0
DA:394,0
DA:395,0
DA:398,0
DA:399,0
DA:413,0
DA:414,0
DA:417,0
DA:435,0
DA:436,0
DA:446,0
DA:448,0
DA:449,0
DA:454,0
DA:456,0
DA:459,0
LF:87
LH:60
BRDA:21,0,0,1
BRDA:21,0,1,2
BRDA:32,1,0,1
BRDA:40,2,0,1
BRDA:40,3,0,1
BRDA:40,3,1,1
BRDA:50,4,0,2
BRDA:58,5,0,1
BRDA:58,6,0,2
BRDA:58,6,1,1
BRDA:68,7,0,1
BRDA:86,8,0,1
BRDA:86,8,1,1
BRDA:94,9,0,1
BRDA:98,10,0,1
BRDA:98,10,1,0
BRDA:110,11,0,0
BRDA:110,11,1,2
BRDA:116,12,0,2
BRDA:116,12,1,2
BRDA:117,13,0,2
BRDA:117,13,1,2
BRDA:118,14,0,2
BRDA:118,14,1,2
BRDA:119,15,0,2
BRDA:119,15,1,2
BRDA:125,16,0,1
BRDA:143,17,0,0
BRDA:143,17,1,2
BRDA:157,18,0,1
BRDA:174,19,0,0
BRDA:174,19,1,3
BRDA:183,20,0,1
BRDA:195,21,0,1
BRDA:195,22,0,2
BRDA:195,22,1,2
BRDA:207,23,0,0
BRDA:217,24,0,1
BRDA:217,24,1,2
BRDA:224,25,0,2
BRDA:225,26,0,1
BRDA:231,27,0,1
BRDA:231,27,1,0
BRDA:245,28,0,0
BRDA:245,28,1,2
BRDA:251,29,0,2
BRDA:251,29,1,1
BRDA:260,30,0,1
BRDA:277,31,0,0
BRDA:277,31,1,0
BRDA:287,32,0,0
BRDA:303,33,0,1
BRDA:303,33,1,2
BRDA:312,34,0,2
BRDA:313,35,0,1
BRDA:330,36,0,0
BRDA:342,37,0,1
BRDA:342,37,1,0
BRDA:343,38,0,1
BRDA:343,38,1,1
BRDA:344,39,0,0
BRDA:344,39,1,1
BRDA:347,40,0,0
BRDA:347,40,1,1
BRDA:366,41,0,1
BRDA:366,41,1,0
BRDA:367,42,0,1
BRDA:367,42,1,0
BRDA:368,43,0,1
BRDA:368,43,1,0
BRDA:371,44,0,1
BRDA:371,44,1,0
BRDA:394,45,0,0
BRDA:394,46,0,0
BRDA:394,46,1,0
BRDA:398,47,0,0
BRDA:398,47,1,0
BRDA:413,48,0,0
BRDA:421,49,0,0
BRDA:421,49,1,0
BRDA:424,50,0,0
BRDA:424,50,1,0
BRDA:435,51,0,0
BRDA:435,51,1,0
BRDA:446,52,0,0
BRDA:448,53,0,0
BRDA:463,54,0,0
BRDA:463,54,1,0
BRDA:466,55,0,0
BRDA:466,55,1,0
BRF:90
BRH:54
end_of_record
TN:
SF:src/utils/responseHelpers.ts
FN:14,(anonymous_0)
FN:24,(anonymous_1)
FN:39,(anonymous_2)
FN:53,(anonymous_3)
FN:67,(anonymous_4)
FN:80,(anonymous_5)
FN:96,(anonymous_6)
FN:106,(anonymous_7)
FN:116,(anonymous_8)
FN:130,(anonymous_9)
FN:144,(anonymous_10)
FN:158,(anonymous_11)
FNF:12
FNH:12
FNDA:2,(anonymous_0)
FNDA:2,(anonymous_1)
FNDA:5,(anonymous_2)
FNDA:4,(anonymous_3)
FNDA:5,(anonymous_4)
FNDA:10,(anonymous_5)
FNDA:4,(anonymous_6)
FNDA:5,(anonymous_7)
FNDA:8,(anonymous_8)
FNDA:13,(anonymous_9)
FNDA:1,(anonymous_10)
FNDA:11,(anonymous_11)
DA:15,2
DA:20,2
DA:30,2
DA:35,2
DA:44,5
DA:49,5
DA:58,4
DA:63,4
DA:71,5
DA:76,5
DA:86,10
DA:92,10
DA:97,4
DA:102,4
DA:107,5
DA:112,5
DA:121,8
DA:126,8
DA:135,13
DA:140,13
DA:149,1
DA:154,1
DA:162,11
DA:167,11
LF:24
LH:24
BRDA:18,0,0,2
BRDA:18,0,1,1
BRDA:27,1,0,1
BRDA:33,2,0,2
BRDA:33,2,1,0
BRDA:42,3,0,1
BRDA:56,4,0,0
BRDA:69,5,0,1
BRDA:89,6,0,10
BRDA:89,6,1,9
BRDA:90,7,0,10
BRDA:90,7,1,9
BRDA:100,8,0,4
BRDA:100,8,1,4
BRDA:106,9,0,1
BRDA:124,10,0,8
BRDA:124,10,1,1
BRDA:132,11,0,1
BRDA:138,12,0,13
BRDA:138,12,1,2
BRDA:152,13,0,1
BRDA:152,13,1,1
BRDA:160,14,0,1
BRF:23
BRH:21
end_of_record
